2023-02-04 12:13:32.865 [info] Extension host with pid 34963 started
2023-02-04 12:13:32.865 [info] Skipping acquiring lock for /home/betty/桌面/TEST/json-tutorial/.vscode-root/User/workspaceStorage/fa956204a724d8903a01be82fa103856.
2023-02-04 12:13:33.081 [info] ExtensionService#_doActivateExtension vscode.microsoft-authentication, startup: false, activationEvent: 'onAuthenticationRequest:microsoft'
2023-02-04 12:13:33.081 [info] ExtensionService#_doActivateExtension vscode.git-base, startup: true, activationEvent: '*'
2023-02-04 12:13:33.190 [info] ExtensionService#_doActivateExtension vscode.github, startup: true, activationEvent: '*'
2023-02-04 12:13:33.236 [info] Eager extensions activated
2023-02-04 12:13:33.248 [info] ExtensionService#_doActivateExtension vscode.debug-auto-launch, startup: false, activationEvent: 'onStartupFinished'
2023-02-04 12:13:33.248 [info] ExtensionService#_doActivateExtension vscode.emmet, startup: false, activationEvent: 'onStartupFinished'
2023-02-04 12:13:33.248 [info] ExtensionService#_doActivateExtension vscode.merge-conflict, startup: false, activationEvent: 'onStartupFinished'
2023-02-04 12:13:33.316 [info] ExtensionService#_doActivateExtension vscode.github-authentication, startup: false, activationEvent: 'onAuthenticationRequest:github'
2023-02-04 12:13:34.490 [info] ExtensionService#_doActivateExtension vscode.git, startup: false, activationEvent: 'api', root cause: vscode.github
2023-02-04 12:13:34.750 [warning] [Decorations] CAPPING events from decorations provider vscode.git 288
2023-02-04 12:13:35.037 [warning] [Decorations] CAPPING events from decorations provider vscode.git 288
2023-02-04 12:13:36.887 [warning] [Decorations] CAPPING events from decorations provider vscode.git 288
2023-02-04 12:13:41.931 [warning] [Decorations] CAPPING events from decorations provider vscode.git 288
2023-02-04 12:14:51.471 [warning] [Decorations] CAPPING events from decorations provider vscode.git 288
2023-02-04 12:14:56.518 [warning] [Decorations] CAPPING events from decorations provider vscode.git 286
2023-02-04 12:15:01.621 [warning] [Decorations] CAPPING events from decorations provider vscode.git 286
2023-02-04 12:15:06.661 [warning] [Decorations] CAPPING events from decorations provider vscode.git 286
2023-02-04 12:15:11.750 [warning] [Decorations] CAPPING events from decorations provider vscode.git 286
2023-02-04 12:15:16.786 [warning] [Decorations] CAPPING events from decorations provider vscode.git 286
2023-02-04 12:15:21.831 [warning] [Decorations] CAPPING events from decorations provider vscode.git 286
2023-02-04 12:15:26.859 [warning] [Decorations] CAPPING events from decorations provider vscode.git 286
2023-02-04 12:15:31.894 [warning] [Decorations] CAPPING events from decorations provider vscode.git 286
2023-02-04 12:15:36.926 [warning] [Decorations] CAPPING events from decorations provider vscode.git 286
2023-02-04 12:15:42.025 [warning] [Decorations] CAPPING events from decorations provider vscode.git 286
2023-02-04 12:15:47.056 [warning] [Decorations] CAPPING events from decorations provider vscode.git 286
2023-02-04 12:15:52.097 [warning] [Decorations] CAPPING events from decorations provider vscode.git 286
2023-02-04 12:15:57.130 [warning] [Decorations] CAPPING events from decorations provider vscode.git 286
2023-02-04 12:16:02.169 [warning] [Decorations] CAPPING events from decorations provider vscode.git 286
2023-02-04 12:16:07.205 [warning] [Decorations] CAPPING events from decorations provider vscode.git 286
2023-02-04 12:16:12.268 [warning] [Decorations] CAPPING events from decorations provider vscode.git 286
2023-02-04 12:16:17.298 [warning] [Decorations] CAPPING events from decorations provider vscode.git 286
2023-02-04 12:16:22.330 [warning] [Decorations] CAPPING events from decorations provider vscode.git 286
2023-02-04 12:16:27.372 [warning] [Decorations] CAPPING events from decorations provider vscode.git 286
2023-02-04 12:16:32.421 [warning] [Decorations] CAPPING events from decorations provider vscode.git 286
2023-02-04 12:16:37.459 [warning] [Decorations] CAPPING events from decorations provider vscode.git 286
2023-02-04 12:16:42.489 [warning] [Decorations] CAPPING events from decorations provider vscode.git 286
2023-02-04 12:16:47.536 [warning] [Decorations] CAPPING events from decorations provider vscode.git 286
2023-02-04 12:16:52.579 [warning] [Decorations] CAPPING events from decorations provider vscode.git 286
2023-02-04 12:16:57.621 [warning] [Decorations] CAPPING events from decorations provider vscode.git 286
2023-02-04 12:17:02.651 [warning] [Decorations] CAPPING events from decorations provider vscode.git 286
2023-02-04 12:17:07.679 [warning] [Decorations] CAPPING events from decorations provider vscode.git 286
2023-02-04 12:17:12.711 [warning] [Decorations] CAPPING events from decorations provider vscode.git 286
2023-02-04 12:17:17.750 [warning] [Decorations] CAPPING events from decorations provider vscode.git 286
2023-02-04 12:17:22.786 [warning] [Decorations] CAPPING events from decorations provider vscode.git 286
2023-02-04 12:17:27.817 [warning] [Decorations] CAPPING events from decorations provider vscode.git 286
2023-02-04 12:17:32.878 [warning] [Decorations] CAPPING events from decorations provider vscode.git 286
2023-02-04 12:17:37.910 [warning] [Decorations] CAPPING events from decorations provider vscode.git 286
2023-02-04 12:17:42.938 [warning] [Decorations] CAPPING events from decorations provider vscode.git 286
2023-02-04 12:17:47.970 [warning] [Decorations] CAPPING events from decorations provider vscode.git 286
2023-02-04 12:17:53.003 [warning] [Decorations] CAPPING events from decorations provider vscode.git 286
2023-02-04 12:17:58.033 [warning] [Decorations] CAPPING events from decorations provider vscode.git 286
2023-02-04 12:18:03.068 [warning] [Decorations] CAPPING events from decorations provider vscode.git 286
2023-02-04 12:18:08.103 [warning] [Decorations] CAPPING events from decorations provider vscode.git 286
2023-02-04 12:18:13.136 [warning] [Decorations] CAPPING events from decorations provider vscode.git 286
2023-02-04 12:18:18.169 [warning] [Decorations] CAPPING events from decorations provider vscode.git 286
2023-02-04 12:18:23.204 [warning] [Decorations] CAPPING events from decorations provider vscode.git 286
2023-02-04 12:18:28.252 [warning] [Decorations] CAPPING events from decorations provider vscode.git 286
2023-02-04 12:18:33.284 [warning] [Decorations] CAPPING events from decorations provider vscode.git 286
2023-02-04 12:18:38.326 [warning] [Decorations] CAPPING events from decorations provider vscode.git 286
2023-02-04 12:18:43.360 [warning] [Decorations] CAPPING events from decorations provider vscode.git 286
2023-02-04 12:18:48.396 [warning] [Decorations] CAPPING events from decorations provider vscode.git 286
2023-02-04 12:18:53.425 [warning] [Decorations] CAPPING events from decorations provider vscode.git 286
2023-02-04 12:18:58.457 [warning] [Decorations] CAPPING events from decorations provider vscode.git 286
2023-02-04 12:19:03.495 [warning] [Decorations] CAPPING events from decorations provider vscode.git 286
2023-02-04 12:19:08.525 [warning] [Decorations] CAPPING events from decorations provider vscode.git 286
2023-02-04 12:19:13.613 [warning] [Decorations] CAPPING events from decorations provider vscode.git 286
2023-02-04 12:19:18.644 [warning] [Decorations] CAPPING events from decorations provider vscode.git 286
2023-02-04 12:19:23.672 [warning] [Decorations] CAPPING events from decorations provider vscode.git 286
2023-02-04 12:19:28.706 [warning] [Decorations] CAPPING events from decorations provider vscode.git 286
2023-02-04 12:19:33.735 [warning] [Decorations] CAPPING events from decorations provider vscode.git 286
2023-02-04 12:19:38.769 [warning] [Decorations] CAPPING events from decorations provider vscode.git 286
2023-02-04 12:19:43.799 [warning] [Decorations] CAPPING events from decorations provider vscode.git 286
2023-02-04 12:19:48.852 [warning] [Decorations] CAPPING events from decorations provider vscode.git 286
2023-02-04 12:19:53.884 [warning] [Decorations] CAPPING events from decorations provider vscode.git 286
2023-02-04 12:19:58.919 [warning] [Decorations] CAPPING events from decorations provider vscode.git 286
2023-02-04 12:20:03.981 [warning] [Decorations] CAPPING events from decorations provider vscode.git 286
2023-02-04 12:20:09.012 [warning] [Decorations] CAPPING events from decorations provider vscode.git 286
2023-02-04 12:20:14.050 [warning] [Decorations] CAPPING events from decorations provider vscode.git 286
2023-02-04 12:20:19.087 [warning] [Decorations] CAPPING events from decorations provider vscode.git 286
2023-02-04 12:20:24.120 [warning] [Decorations] CAPPING events from decorations provider vscode.git 286
2023-02-04 12:20:29.160 [warning] [Decorations] CAPPING events from decorations provider vscode.git 286
2023-02-04 12:20:34.190 [warning] [Decorations] CAPPING events from decorations provider vscode.git 286
2023-02-04 12:20:39.220 [warning] [Decorations] CAPPING events from decorations provider vscode.git 286
2023-02-04 12:20:44.249 [warning] [Decorations] CAPPING events from decorations provider vscode.git 286
2023-02-04 12:20:49.293 [warning] [Decorations] CAPPING events from decorations provider vscode.git 286
2023-02-04 12:20:54.341 [warning] [Decorations] CAPPING events from decorations provider vscode.git 286
2023-02-04 12:20:59.371 [warning] [Decorations] CAPPING events from decorations provider vscode.git 286
2023-02-04 12:21:04.402 [warning] [Decorations] CAPPING events from decorations provider vscode.git 286
2023-02-04 12:21:09.434 [warning] [Decorations] CAPPING events from decorations provider vscode.git 286
2023-02-04 12:21:14.475 [warning] [Decorations] CAPPING events from decorations provider vscode.git 286
2023-02-04 12:21:19.526 [warning] [Decorations] CAPPING events from decorations provider vscode.git 286
2023-02-04 12:21:24.558 [warning] [Decorations] CAPPING events from decorations provider vscode.git 286
2023-02-04 12:21:29.595 [warning] [Decorations] CAPPING events from decorations provider vscode.git 286
2023-02-04 12:21:34.628 [warning] [Decorations] CAPPING events from decorations provider vscode.git 286
2023-02-04 12:21:39.660 [warning] [Decorations] CAPPING events from decorations provider vscode.git 286
2023-02-04 12:21:44.693 [warning] [Decorations] CAPPING events from decorations provider vscode.git 286
2023-02-04 12:21:49.731 [warning] [Decorations] CAPPING events from decorations provider vscode.git 286
2023-02-04 12:21:54.762 [warning] [Decorations] CAPPING events from decorations provider vscode.git 286
2023-02-04 12:21:59.796 [warning] [Decorations] CAPPING events from decorations provider vscode.git 286
2023-02-04 12:22:04.825 [warning] [Decorations] CAPPING events from decorations provider vscode.git 286
2023-02-04 12:22:09.858 [warning] [Decorations] CAPPING events from decorations provider vscode.git 286
2023-02-04 12:22:14.895 [warning] [Decorations] CAPPING events from decorations provider vscode.git 286
2023-02-04 12:22:19.925 [warning] [Decorations] CAPPING events from decorations provider vscode.git 286
2023-02-04 12:22:24.957 [warning] [Decorations] CAPPING events from decorations provider vscode.git 286
2023-02-04 12:22:29.988 [warning] [Decorations] CAPPING events from decorations provider vscode.git 286
2023-02-04 12:22:35.031 [warning] [Decorations] CAPPING events from decorations provider vscode.git 286
2023-02-04 12:22:40.064 [warning] [Decorations] CAPPING events from decorations provider vscode.git 286
2023-02-04 12:22:45.096 [warning] [Decorations] CAPPING events from decorations provider vscode.git 286
2023-02-04 12:22:50.126 [warning] [Decorations] CAPPING events from decorations provider vscode.git 286
2023-02-04 12:22:55.155 [warning] [Decorations] CAPPING events from decorations provider vscode.git 286
2023-02-04 12:23:00.187 [warning] [Decorations] CAPPING events from decorations provider vscode.git 286
2023-02-04 12:23:05.221 [warning] [Decorations] CAPPING events from decorations provider vscode.git 286
2023-02-04 12:23:10.252 [warning] [Decorations] CAPPING events from decorations provider vscode.git 286
2023-02-04 12:23:15.287 [warning] [Decorations] CAPPING events from decorations provider vscode.git 286
2023-02-04 12:23:20.319 [warning] [Decorations] CAPPING events from decorations provider vscode.git 286
2023-02-04 12:23:25.351 [warning] [Decorations] CAPPING events from decorations provider vscode.git 286
2023-02-04 12:23:30.382 [warning] [Decorations] CAPPING events from decorations provider vscode.git 286
2023-02-04 12:23:35.412 [warning] [Decorations] CAPPING events from decorations provider vscode.git 286
2023-02-04 12:23:40.443 [warning] [Decorations] CAPPING events from decorations provider vscode.git 286
2023-02-04 12:23:45.495 [warning] [Decorations] CAPPING events from decorations provider vscode.git 286
2023-02-04 12:23:50.528 [warning] [Decorations] CAPPING events from decorations provider vscode.git 286
2023-02-04 12:23:55.564 [warning] [Decorations] CAPPING events from decorations provider vscode.git 286
2023-02-04 12:24:00.595 [warning] [Decorations] CAPPING events from decorations provider vscode.git 286
2023-02-04 12:24:05.629 [warning] [Decorations] CAPPING events from decorations provider vscode.git 286
2023-02-04 12:24:10.661 [warning] [Decorations] CAPPING events from decorations provider vscode.git 286
2023-02-04 12:24:15.704 [warning] [Decorations] CAPPING events from decorations provider vscode.git 286
2023-02-04 12:24:20.735 [warning] [Decorations] CAPPING events from decorations provider vscode.git 286
2023-02-04 12:24:25.778 [warning] [Decorations] CAPPING events from decorations provider vscode.git 286
2023-02-04 12:24:30.809 [warning] [Decorations] CAPPING events from decorations provider vscode.git 286
2023-02-04 12:24:35.840 [warning] [Decorations] CAPPING events from decorations provider vscode.git 286
2023-02-04 12:24:40.870 [warning] [Decorations] CAPPING events from decorations provider vscode.git 286
2023-02-04 12:24:45.902 [warning] [Decorations] CAPPING events from decorations provider vscode.git 286
2023-02-04 12:24:50.932 [warning] [Decorations] CAPPING events from decorations provider vscode.git 286
2023-02-04 12:24:55.964 [warning] [Decorations] CAPPING events from decorations provider vscode.git 286
2023-02-04 12:25:00.994 [warning] [Decorations] CAPPING events from decorations provider vscode.git 286
2023-02-04 12:25:06.025 [warning] [Decorations] CAPPING events from decorations provider vscode.git 286
2023-02-04 12:25:11.057 [warning] [Decorations] CAPPING events from decorations provider vscode.git 286
2023-02-04 12:25:16.115 [warning] [Decorations] CAPPING events from decorations provider vscode.git 286
2023-02-04 12:25:21.146 [warning] [Decorations] CAPPING events from decorations provider vscode.git 286
2023-02-04 12:25:26.185 [warning] [Decorations] CAPPING events from decorations provider vscode.git 286
2023-02-04 12:25:31.221 [warning] [Decorations] CAPPING events from decorations provider vscode.git 286
2023-02-04 12:25:36.250 [warning] [Decorations] CAPPING events from decorations provider vscode.git 286
2023-02-04 12:25:41.282 [warning] [Decorations] CAPPING events from decorations provider vscode.git 286
2023-02-04 12:25:46.312 [warning] [Decorations] CAPPING events from decorations provider vscode.git 286
2023-02-04 12:25:51.340 [warning] [Decorations] CAPPING events from decorations provider vscode.git 286
2023-02-04 12:25:56.370 [warning] [Decorations] CAPPING events from decorations provider vscode.git 286
2023-02-04 12:26:01.404 [warning] [Decorations] CAPPING events from decorations provider vscode.git 286
2023-02-04 12:26:06.437 [warning] [Decorations] CAPPING events from decorations provider vscode.git 286
2023-02-04 12:26:11.466 [warning] [Decorations] CAPPING events from decorations provider vscode.git 286
2023-02-04 12:26:16.498 [warning] [Decorations] CAPPING events from decorations provider vscode.git 286
2023-02-04 12:26:21.547 [warning] [Decorations] CAPPING events from decorations provider vscode.git 286
2023-02-04 12:26:26.577 [warning] [Decorations] CAPPING events from decorations provider vscode.git 286
2023-02-04 12:26:31.609 [warning] [Decorations] CAPPING events from decorations provider vscode.git 286
2023-02-04 12:26:36.641 [warning] [Decorations] CAPPING events from decorations provider vscode.git 286
2023-02-04 12:26:41.677 [warning] [Decorations] CAPPING events from decorations provider vscode.git 286
2023-02-04 12:26:46.743 [warning] [Decorations] CAPPING events from decorations provider vscode.git 286
2023-02-04 12:26:51.778 [warning] [Decorations] CAPPING events from decorations provider vscode.git 286
2023-02-04 12:26:56.831 [warning] [Decorations] CAPPING events from decorations provider vscode.git 286
2023-02-04 12:27:01.875 [warning] [Decorations] CAPPING events from decorations provider vscode.git 286
2023-02-04 12:27:06.910 [warning] [Decorations] CAPPING events from decorations provider vscode.git 286
2023-02-04 12:27:11.944 [warning] [Decorations] CAPPING events from decorations provider vscode.git 286
2023-02-04 12:27:16.981 [warning] [Decorations] CAPPING events from decorations provider vscode.git 286
2023-02-04 12:27:22.017 [warning] [Decorations] CAPPING events from decorations provider vscode.git 286
2023-02-04 12:27:27.049 [warning] [Decorations] CAPPING events from decorations provider vscode.git 286
2023-02-04 12:27:32.082 [warning] [Decorations] CAPPING events from decorations provider vscode.git 286
2023-02-04 12:27:37.115 [warning] [Decorations] CAPPING events from decorations provider vscode.git 286
2023-02-04 12:27:42.150 [warning] [Decorations] CAPPING events from decorations provider vscode.git 286
2023-02-04 12:27:47.183 [warning] [Decorations] CAPPING events from decorations provider vscode.git 286
2023-02-04 12:27:52.219 [warning] [Decorations] CAPPING events from decorations provider vscode.git 286
2023-02-04 12:27:57.255 [warning] [Decorations] CAPPING events from decorations provider vscode.git 286
2023-02-04 12:28:02.293 [warning] [Decorations] CAPPING events from decorations provider vscode.git 286
2023-02-04 12:28:07.324 [warning] [Decorations] CAPPING events from decorations provider vscode.git 286
2023-02-04 12:28:12.368 [warning] [Decorations] CAPPING events from decorations provider vscode.git 286
2023-02-04 12:28:17.400 [warning] [Decorations] CAPPING events from decorations provider vscode.git 286
2023-02-04 12:28:22.432 [warning] [Decorations] CAPPING events from decorations provider vscode.git 286
2023-02-04 12:28:27.463 [warning] [Decorations] CAPPING events from decorations provider vscode.git 286
2023-02-04 12:28:32.498 [warning] [Decorations] CAPPING events from decorations provider vscode.git 286
2023-02-04 12:28:37.528 [warning] [Decorations] CAPPING events from decorations provider vscode.git 286
2023-02-04 12:28:42.569 [warning] [Decorations] CAPPING events from decorations provider vscode.git 286
2023-02-04 12:28:47.602 [warning] [Decorations] CAPPING events from decorations provider vscode.git 286
2023-02-04 12:28:52.646 [warning] [Decorations] CAPPING events from decorations provider vscode.git 286
2023-02-04 12:28:57.703 [warning] [Decorations] CAPPING events from decorations provider vscode.git 286
2023-02-04 12:29:02.761 [warning] [Decorations] CAPPING events from decorations provider vscode.git 286
2023-02-04 12:29:07.838 [warning] [Decorations] CAPPING events from decorations provider vscode.git 286
2023-02-04 12:29:12.868 [warning] [Decorations] CAPPING events from decorations provider vscode.git 286
2023-02-04 12:29:17.958 [warning] [Decorations] CAPPING events from decorations provider vscode.git 286
2023-02-04 12:29:23.067 [warning] [Decorations] CAPPING events from decorations provider vscode.git 286
2023-02-04 12:29:28.110 [warning] [Decorations] CAPPING events from decorations provider vscode.git 286
2023-02-04 12:29:33.141 [warning] [Decorations] CAPPING events from decorations provider vscode.git 286
2023-02-04 12:29:38.173 [warning] [Decorations] CAPPING events from decorations provider vscode.git 286
2023-02-04 12:29:43.205 [warning] [Decorations] CAPPING events from decorations provider vscode.git 286
2023-02-04 12:29:48.254 [warning] [Decorations] CAPPING events from decorations provider vscode.git 286
2023-02-04 12:29:53.283 [warning] [Decorations] CAPPING events from decorations provider vscode.git 286
2023-02-04 12:29:58.314 [warning] [Decorations] CAPPING events from decorations provider vscode.git 286
2023-02-04 12:30:03.346 [warning] [Decorations] CAPPING events from decorations provider vscode.git 286
2023-02-04 12:30:08.398 [warning] [Decorations] CAPPING events from decorations provider vscode.git 286
2023-02-04 12:30:13.430 [warning] [Decorations] CAPPING events from decorations provider vscode.git 286
2023-02-04 12:30:18.461 [warning] [Decorations] CAPPING events from decorations provider vscode.git 286
2023-02-04 12:30:23.495 [warning] [Decorations] CAPPING events from decorations provider vscode.git 286
2023-02-04 12:30:28.573 [warning] [Decorations] CAPPING events from decorations provider vscode.git 286
2023-02-04 12:30:33.607 [warning] [Decorations] CAPPING events from decorations provider vscode.git 286
2023-02-04 12:30:38.637 [warning] [Decorations] CAPPING events from decorations provider vscode.git 286
2023-02-04 12:30:43.666 [warning] [Decorations] CAPPING events from decorations provider vscode.git 286
2023-02-04 12:30:48.702 [warning] [Decorations] CAPPING events from decorations provider vscode.git 286
2023-02-04 12:30:53.734 [warning] [Decorations] CAPPING events from decorations provider vscode.git 286
2023-02-04 12:30:58.763 [warning] [Decorations] CAPPING events from decorations provider vscode.git 286
2023-02-04 12:31:03.796 [warning] [Decorations] CAPPING events from decorations provider vscode.git 286
2023-02-04 12:31:08.827 [warning] [Decorations] CAPPING events from decorations provider vscode.git 286
2023-02-04 12:31:13.876 [warning] [Decorations] CAPPING events from decorations provider vscode.git 286
2023-02-04 12:31:18.919 [warning] [Decorations] CAPPING events from decorations provider vscode.git 286
2023-02-04 12:31:23.949 [warning] [Decorations] CAPPING events from decorations provider vscode.git 286
2023-02-04 12:31:28.979 [warning] [Decorations] CAPPING events from decorations provider vscode.git 286
2023-02-04 12:31:34.015 [warning] [Decorations] CAPPING events from decorations provider vscode.git 286
2023-02-04 12:31:39.050 [warning] [Decorations] CAPPING events from decorations provider vscode.git 286
2023-02-04 12:31:44.086 [warning] [Decorations] CAPPING events from decorations provider vscode.git 286
2023-02-04 12:31:49.115 [warning] [Decorations] CAPPING events from decorations provider vscode.git 286
2023-02-04 12:31:54.144 [warning] [Decorations] CAPPING events from decorations provider vscode.git 286
2023-02-04 12:31:59.190 [warning] [Decorations] CAPPING events from decorations provider vscode.git 286
2023-02-04 12:32:04.227 [warning] [Decorations] CAPPING events from decorations provider vscode.git 286
2023-02-04 12:32:09.256 [warning] [Decorations] CAPPING events from decorations provider vscode.git 286
2023-02-04 12:32:14.285 [warning] [Decorations] CAPPING events from decorations provider vscode.git 286
2023-02-04 12:32:19.317 [warning] [Decorations] CAPPING events from decorations provider vscode.git 286
2023-02-04 12:32:24.349 [warning] [Decorations] CAPPING events from decorations provider vscode.git 286
2023-02-04 12:32:29.375 [warning] [Decorations] CAPPING events from decorations provider vscode.git 286
2023-02-04 12:32:34.415 [warning] [Decorations] CAPPING events from decorations provider vscode.git 286
2023-02-04 12:32:39.470 [warning] [Decorations] CAPPING events from decorations provider vscode.git 286
2023-02-04 12:32:44.503 [warning] [Decorations] CAPPING events from decorations provider vscode.git 286
2023-02-04 12:32:49.632 [warning] [Decorations] CAPPING events from decorations provider vscode.git 286
2023-02-04 12:32:54.666 [warning] [Decorations] CAPPING events from decorations provider vscode.git 286
2023-02-04 12:32:59.697 [warning] [Decorations] CAPPING events from decorations provider vscode.git 286
2023-02-04 12:33:04.737 [warning] [Decorations] CAPPING events from decorations provider vscode.git 286
2023-02-04 12:33:09.769 [warning] [Decorations] CAPPING events from decorations provider vscode.git 286
2023-02-04 12:33:14.806 [warning] [Decorations] CAPPING events from decorations provider vscode.git 286
2023-02-04 12:33:19.839 [warning] [Decorations] CAPPING events from decorations provider vscode.git 286
2023-02-04 12:33:24.870 [warning] [Decorations] CAPPING events from decorations provider vscode.git 286
2023-02-04 12:33:29.901 [warning] [Decorations] CAPPING events from decorations provider vscode.git 286
2023-02-04 12:33:34.933 [warning] [Decorations] CAPPING events from decorations provider vscode.git 286
2023-02-04 12:33:39.964 [warning] [Decorations] CAPPING events from decorations provider vscode.git 286
2023-02-04 12:33:45.000 [warning] [Decorations] CAPPING events from decorations provider vscode.git 286
2023-02-04 12:33:50.029 [warning] [Decorations] CAPPING events from decorations provider vscode.git 286
2023-02-04 12:33:55.073 [warning] [Decorations] CAPPING events from decorations provider vscode.git 286
2023-02-04 12:34:00.103 [warning] [Decorations] CAPPING events from decorations provider vscode.git 286
2023-02-04 12:34:05.136 [warning] [Decorations] CAPPING events from decorations provider vscode.git 286
2023-02-04 12:34:10.168 [warning] [Decorations] CAPPING events from decorations provider vscode.git 286
2023-02-04 12:34:15.204 [warning] [Decorations] CAPPING events from decorations provider vscode.git 286
2023-02-04 12:34:20.236 [warning] [Decorations] CAPPING events from decorations provider vscode.git 286
2023-02-04 12:34:25.285 [warning] [Decorations] CAPPING events from decorations provider vscode.git 286
2023-02-04 12:34:30.317 [warning] [Decorations] CAPPING events from decorations provider vscode.git 286
2023-02-04 12:34:35.346 [warning] [Decorations] CAPPING events from decorations provider vscode.git 286
2023-02-04 12:34:40.377 [warning] [Decorations] CAPPING events from decorations provider vscode.git 286
2023-02-04 12:34:45.403 [warning] [Decorations] CAPPING events from decorations provider vscode.git 286
2023-02-04 12:34:50.436 [warning] [Decorations] CAPPING events from decorations provider vscode.git 286
2023-02-04 12:34:55.468 [warning] [Decorations] CAPPING events from decorations provider vscode.git 286
2023-02-04 12:35:00.499 [warning] [Decorations] CAPPING events from decorations provider vscode.git 286
2023-02-04 12:35:05.537 [warning] [Decorations] CAPPING events from decorations provider vscode.git 286
2023-02-04 12:35:10.571 [warning] [Decorations] CAPPING events from decorations provider vscode.git 286
2023-02-04 12:35:15.600 [warning] [Decorations] CAPPING events from decorations provider vscode.git 286
2023-02-04 12:35:20.631 [warning] [Decorations] CAPPING events from decorations provider vscode.git 286
2023-02-04 12:35:25.691 [warning] [Decorations] CAPPING events from decorations provider vscode.git 286
2023-02-04 12:35:30.721 [warning] [Decorations] CAPPING events from decorations provider vscode.git 286
2023-02-04 12:35:35.753 [warning] [Decorations] CAPPING events from decorations provider vscode.git 286
2023-02-04 12:35:40.786 [warning] [Decorations] CAPPING events from decorations provider vscode.git 286
2023-02-04 12:35:45.815 [warning] [Decorations] CAPPING events from decorations provider vscode.git 286
2023-02-04 12:35:50.847 [warning] [Decorations] CAPPING events from decorations provider vscode.git 286
2023-02-04 12:35:55.880 [warning] [Decorations] CAPPING events from decorations provider vscode.git 286
2023-02-04 12:36:00.918 [warning] [Decorations] CAPPING events from decorations provider vscode.git 286
2023-02-04 12:36:05.947 [warning] [Decorations] CAPPING events from decorations provider vscode.git 286
2023-02-04 12:36:10.977 [warning] [Decorations] CAPPING events from decorations provider vscode.git 286
2023-02-04 12:36:16.007 [warning] [Decorations] CAPPING events from decorations provider vscode.git 286
2023-02-04 12:36:21.045 [warning] [Decorations] CAPPING events from decorations provider vscode.git 286
2023-02-04 12:36:26.075 [warning] [Decorations] CAPPING events from decorations provider vscode.git 286
2023-02-04 12:36:31.104 [warning] [Decorations] CAPPING events from decorations provider vscode.git 286
2023-02-04 12:36:36.137 [warning] [Decorations] CAPPING events from decorations provider vscode.git 286
2023-02-04 12:36:41.170 [warning] [Decorations] CAPPING events from decorations provider vscode.git 286
2023-02-04 12:36:46.206 [warning] [Decorations] CAPPING events from decorations provider vscode.git 286
2023-02-04 12:36:51.239 [warning] [Decorations] CAPPING events from decorations provider vscode.git 286
2023-02-04 12:36:56.270 [warning] [Decorations] CAPPING events from decorations provider vscode.git 286
2023-02-04 12:37:01.300 [warning] [Decorations] CAPPING events from decorations provider vscode.git 286
2023-02-04 12:37:06.332 [warning] [Decorations] CAPPING events from decorations provider vscode.git 286
2023-02-04 12:37:11.360 [warning] [Decorations] CAPPING events from decorations provider vscode.git 286
2023-02-04 12:37:16.390 [warning] [Decorations] CAPPING events from decorations provider vscode.git 286
2023-02-04 12:37:21.421 [warning] [Decorations] CAPPING events from decorations provider vscode.git 286
2023-02-04 12:37:26.459 [warning] [Decorations] CAPPING events from decorations provider vscode.git 286
2023-02-04 12:37:31.490 [warning] [Decorations] CAPPING events from decorations provider vscode.git 286
2023-02-04 12:37:36.520 [warning] [Decorations] CAPPING events from decorations provider vscode.git 286
2023-02-04 12:37:41.553 [warning] [Decorations] CAPPING events from decorations provider vscode.git 286
2023-02-04 12:37:46.584 [warning] [Decorations] CAPPING events from decorations provider vscode.git 286
2023-02-04 12:37:51.618 [warning] [Decorations] CAPPING events from decorations provider vscode.git 286
2023-02-04 12:37:56.647 [warning] [Decorations] CAPPING events from decorations provider vscode.git 286
2023-02-04 12:38:01.684 [warning] [Decorations] CAPPING events from decorations provider vscode.git 286
2023-02-04 12:38:06.714 [warning] [Decorations] CAPPING events from decorations provider vscode.git 286
2023-02-04 12:38:11.745 [warning] [Decorations] CAPPING events from decorations provider vscode.git 286
2023-02-04 12:38:16.777 [warning] [Decorations] CAPPING events from decorations provider vscode.git 286
2023-02-04 12:38:21.817 [warning] [Decorations] CAPPING events from decorations provider vscode.git 286
2023-02-04 12:38:26.846 [warning] [Decorations] CAPPING events from decorations provider vscode.git 286
2023-02-04 12:38:31.885 [warning] [Decorations] CAPPING events from decorations provider vscode.git 286
2023-02-04 12:38:36.946 [warning] [Decorations] CAPPING events from decorations provider vscode.git 286
2023-02-04 12:38:41.974 [warning] [Decorations] CAPPING events from decorations provider vscode.git 286
2023-02-04 12:38:47.026 [warning] [Decorations] CAPPING events from decorations provider vscode.git 286
2023-02-04 12:38:52.055 [warning] [Decorations] CAPPING events from decorations provider vscode.git 286
2023-02-04 12:38:57.084 [warning] [Decorations] CAPPING events from decorations provider vscode.git 286
2023-02-04 12:39:02.117 [warning] [Decorations] CAPPING events from decorations provider vscode.git 286
2023-02-04 12:39:07.151 [warning] [Decorations] CAPPING events from decorations provider vscode.git 286
2023-02-04 12:39:12.182 [warning] [Decorations] CAPPING events from decorations provider vscode.git 286
2023-02-04 12:39:17.232 [warning] [Decorations] CAPPING events from decorations provider vscode.git 286
2023-02-04 12:39:22.262 [warning] [Decorations] CAPPING events from decorations provider vscode.git 286
2023-02-04 12:39:27.300 [warning] [Decorations] CAPPING events from decorations provider vscode.git 286
2023-02-04 12:39:32.330 [warning] [Decorations] CAPPING events from decorations provider vscode.git 286
2023-02-04 12:39:37.359 [warning] [Decorations] CAPPING events from decorations provider vscode.git 286
2023-02-04 12:39:42.389 [warning] [Decorations] CAPPING events from decorations provider vscode.git 286
2023-02-04 12:39:47.421 [warning] [Decorations] CAPPING events from decorations provider vscode.git 286
2023-02-04 12:39:52.452 [warning] [Decorations] CAPPING events from decorations provider vscode.git 286
2023-02-04 12:39:57.481 [warning] [Decorations] CAPPING events from decorations provider vscode.git 286
2023-02-04 12:40:02.511 [warning] [Decorations] CAPPING events from decorations provider vscode.git 286
2023-02-04 12:40:07.542 [warning] [Decorations] CAPPING events from decorations provider vscode.git 286
2023-02-04 12:40:12.574 [warning] [Decorations] CAPPING events from decorations provider vscode.git 286
2023-02-04 12:40:17.605 [warning] [Decorations] CAPPING events from decorations provider vscode.git 286
2023-02-04 12:40:22.637 [warning] [Decorations] CAPPING events from decorations provider vscode.git 286
2023-02-04 12:40:27.667 [warning] [Decorations] CAPPING events from decorations provider vscode.git 286
2023-02-04 12:40:32.706 [warning] [Decorations] CAPPING events from decorations provider vscode.git 286
2023-02-04 12:40:37.744 [warning] [Decorations] CAPPING events from decorations provider vscode.git 286
2023-02-04 12:40:42.774 [warning] [Decorations] CAPPING events from decorations provider vscode.git 286
2023-02-04 12:40:47.806 [warning] [Decorations] CAPPING events from decorations provider vscode.git 286
2023-02-04 12:40:52.838 [warning] [Decorations] CAPPING events from decorations provider vscode.git 286
2023-02-04 12:40:57.867 [warning] [Decorations] CAPPING events from decorations provider vscode.git 286
2023-02-04 12:41:02.939 [warning] [Decorations] CAPPING events from decorations provider vscode.git 286
2023-02-04 12:41:07.968 [warning] [Decorations] CAPPING events from decorations provider vscode.git 286
2023-02-04 12:41:13.012 [warning] [Decorations] CAPPING events from decorations provider vscode.git 286
2023-02-04 12:41:18.042 [warning] [Decorations] CAPPING events from decorations provider vscode.git 286
2023-02-04 12:41:23.072 [warning] [Decorations] CAPPING events from decorations provider vscode.git 286
2023-02-04 12:41:28.129 [warning] [Decorations] CAPPING events from decorations provider vscode.git 286
2023-02-04 12:41:33.159 [warning] [Decorations] CAPPING events from decorations provider vscode.git 286
2023-02-04 12:41:38.195 [warning] [Decorations] CAPPING events from decorations provider vscode.git 286
2023-02-04 12:41:43.224 [warning] [Decorations] CAPPING events from decorations provider vscode.git 286
2023-02-04 12:41:48.257 [warning] [Decorations] CAPPING events from decorations provider vscode.git 286
2023-02-04 12:41:53.289 [warning] [Decorations] CAPPING events from decorations provider vscode.git 286
2023-02-04 12:41:58.338 [warning] [Decorations] CAPPING events from decorations provider vscode.git 286
2023-02-04 12:42:03.373 [warning] [Decorations] CAPPING events from decorations provider vscode.git 286
2023-02-04 12:42:08.402 [warning] [Decorations] CAPPING events from decorations provider vscode.git 286
2023-02-04 12:42:13.434 [warning] [Decorations] CAPPING events from decorations provider vscode.git 286
2023-02-04 12:42:18.466 [warning] [Decorations] CAPPING events from decorations provider vscode.git 286
2023-02-04 12:42:23.497 [warning] [Decorations] CAPPING events from decorations provider vscode.git 286
2023-02-04 12:42:28.533 [warning] [Decorations] CAPPING events from decorations provider vscode.git 286
2023-02-04 12:42:33.564 [warning] [Decorations] CAPPING events from decorations provider vscode.git 286
2023-02-04 12:42:38.593 [warning] [Decorations] CAPPING events from decorations provider vscode.git 286
2023-02-04 12:42:43.627 [warning] [Decorations] CAPPING events from decorations provider vscode.git 286
2023-02-04 12:42:48.666 [warning] [Decorations] CAPPING events from decorations provider vscode.git 286
2023-02-04 12:42:53.704 [warning] [Decorations] CAPPING events from decorations provider vscode.git 286
2023-02-04 12:42:58.738 [warning] [Decorations] CAPPING events from decorations provider vscode.git 286
2023-02-04 12:43:03.770 [warning] [Decorations] CAPPING events from decorations provider vscode.git 286
2023-02-04 12:43:08.801 [warning] [Decorations] CAPPING events from decorations provider vscode.git 286
2023-02-04 12:43:13.834 [warning] [Decorations] CAPPING events from decorations provider vscode.git 286
2023-02-04 12:43:18.875 [warning] [Decorations] CAPPING events from decorations provider vscode.git 286
2023-02-04 12:43:23.904 [warning] [Decorations] CAPPING events from decorations provider vscode.git 286
2023-02-04 12:43:28.939 [warning] [Decorations] CAPPING events from decorations provider vscode.git 286
2023-02-04 12:43:33.974 [warning] [Decorations] CAPPING events from decorations provider vscode.git 286
2023-02-04 12:43:39.002 [warning] [Decorations] CAPPING events from decorations provider vscode.git 286
2023-02-04 12:43:44.035 [warning] [Decorations] CAPPING events from decorations provider vscode.git 286
2023-02-04 12:43:49.063 [warning] [Decorations] CAPPING events from decorations provider vscode.git 286
2023-02-04 12:43:54.098 [warning] [Decorations] CAPPING events from decorations provider vscode.git 286
2023-02-04 12:43:59.127 [warning] [Decorations] CAPPING events from decorations provider vscode.git 286
2023-02-04 12:44:04.180 [warning] [Decorations] CAPPING events from decorations provider vscode.git 286
2023-02-04 12:44:09.218 [warning] [Decorations] CAPPING events from decorations provider vscode.git 286
2023-02-04 12:44:14.255 [warning] [Decorations] CAPPING events from decorations provider vscode.git 286
2023-02-04 12:44:19.288 [warning] [Decorations] CAPPING events from decorations provider vscode.git 286
2023-02-04 12:44:24.317 [warning] [Decorations] CAPPING events from decorations provider vscode.git 286
2023-02-04 12:44:29.356 [warning] [Decorations] CAPPING events from decorations provider vscode.git 286
2023-02-04 12:44:34.410 [warning] [Decorations] CAPPING events from decorations provider vscode.git 286
2023-02-04 12:44:39.438 [warning] [Decorations] CAPPING events from decorations provider vscode.git 286
2023-02-04 12:44:44.469 [warning] [Decorations] CAPPING events from decorations provider vscode.git 286
2023-02-04 12:44:49.499 [warning] [Decorations] CAPPING events from decorations provider vscode.git 286
2023-02-04 12:44:54.530 [warning] [Decorations] CAPPING events from decorations provider vscode.git 286
2023-02-04 12:44:59.562 [warning] [Decorations] CAPPING events from decorations provider vscode.git 286
2023-02-04 12:45:04.600 [warning] [Decorations] CAPPING events from decorations provider vscode.git 286
2023-02-04 12:45:09.631 [warning] [Decorations] CAPPING events from decorations provider vscode.git 286
2023-02-04 12:45:14.671 [warning] [Decorations] CAPPING events from decorations provider vscode.git 286
2023-02-04 12:45:19.711 [warning] [Decorations] CAPPING events from decorations provider vscode.git 286
2023-02-04 12:45:24.749 [warning] [Decorations] CAPPING events from decorations provider vscode.git 286
2023-02-04 12:45:29.785 [warning] [Decorations] CAPPING events from decorations provider vscode.git 286
2023-02-04 12:45:34.821 [warning] [Decorations] CAPPING events from decorations provider vscode.git 286
2023-02-04 12:45:39.856 [warning] [Decorations] CAPPING events from decorations provider vscode.git 286
2023-02-04 12:45:44.888 [warning] [Decorations] CAPPING events from decorations provider vscode.git 286
2023-02-04 12:45:49.919 [warning] [Decorations] CAPPING events from decorations provider vscode.git 286
2023-02-04 12:45:54.959 [warning] [Decorations] CAPPING events from decorations provider vscode.git 286
2023-02-04 12:45:59.996 [warning] [Decorations] CAPPING events from decorations provider vscode.git 286
2023-02-04 12:46:05.028 [warning] [Decorations] CAPPING events from decorations provider vscode.git 286
2023-02-04 12:46:10.060 [warning] [Decorations] CAPPING events from decorations provider vscode.git 286
2023-02-04 12:46:15.091 [warning] [Decorations] CAPPING events from decorations provider vscode.git 286
2023-02-04 12:46:20.121 [warning] [Decorations] CAPPING events from decorations provider vscode.git 286
2023-02-04 12:46:25.158 [warning] [Decorations] CAPPING events from decorations provider vscode.git 286
2023-02-04 12:46:30.194 [warning] [Decorations] CAPPING events from decorations provider vscode.git 286
2023-02-04 12:46:35.222 [warning] [Decorations] CAPPING events from decorations provider vscode.git 286
2023-02-04 12:46:40.255 [warning] [Decorations] CAPPING events from decorations provider vscode.git 286
2023-02-04 12:46:45.287 [warning] [Decorations] CAPPING events from decorations provider vscode.git 286
2023-02-04 12:46:50.320 [warning] [Decorations] CAPPING events from decorations provider vscode.git 286
2023-02-04 12:46:55.351 [warning] [Decorations] CAPPING events from decorations provider vscode.git 286
2023-02-04 12:47:00.380 [warning] [Decorations] CAPPING events from decorations provider vscode.git 286
2023-02-04 12:47:05.434 [warning] [Decorations] CAPPING events from decorations provider vscode.git 286
2023-02-04 12:47:10.466 [warning] [Decorations] CAPPING events from decorations provider vscode.git 286
2023-02-04 12:47:15.496 [warning] [Decorations] CAPPING events from decorations provider vscode.git 286
2023-02-04 12:47:20.527 [warning] [Decorations] CAPPING events from decorations provider vscode.git 286
2023-02-04 12:47:25.564 [warning] [Decorations] CAPPING events from decorations provider vscode.git 286
2023-02-04 12:47:30.594 [warning] [Decorations] CAPPING events from decorations provider vscode.git 286
2023-02-04 12:47:35.623 [warning] [Decorations] CAPPING events from decorations provider vscode.git 286
2023-02-04 12:47:40.653 [warning] [Decorations] CAPPING events from decorations provider vscode.git 286
2023-02-04 12:47:45.684 [warning] [Decorations] CAPPING events from decorations provider vscode.git 286
2023-02-04 12:47:50.716 [warning] [Decorations] CAPPING events from decorations provider vscode.git 286
2023-02-04 12:47:55.755 [warning] [Decorations] CAPPING events from decorations provider vscode.git 286
2023-02-04 12:48:00.785 [warning] [Decorations] CAPPING events from decorations provider vscode.git 286
2023-02-04 12:48:05.815 [warning] [Decorations] CAPPING events from decorations provider vscode.git 286
2023-02-04 12:48:10.846 [warning] [Decorations] CAPPING events from decorations provider vscode.git 286
2023-02-04 12:48:15.876 [warning] [Decorations] CAPPING events from decorations provider vscode.git 286
2023-02-04 12:48:20.908 [warning] [Decorations] CAPPING events from decorations provider vscode.git 286
2023-02-04 12:48:25.944 [warning] [Decorations] CAPPING events from decorations provider vscode.git 286
2023-02-04 12:48:30.979 [warning] [Decorations] CAPPING events from decorations provider vscode.git 286
2023-02-04 12:48:36.019 [warning] [Decorations] CAPPING events from decorations provider vscode.git 286
2023-02-04 12:48:41.052 [warning] [Decorations] CAPPING events from decorations provider vscode.git 286
2023-02-04 12:48:46.105 [warning] [Decorations] CAPPING events from decorations provider vscode.git 286
2023-02-04 12:48:51.136 [warning] [Decorations] CAPPING events from decorations provider vscode.git 286
2023-02-04 12:48:56.166 [warning] [Decorations] CAPPING events from decorations provider vscode.git 286
2023-02-04 12:49:01.196 [warning] [Decorations] CAPPING events from decorations provider vscode.git 286
2023-02-04 12:49:06.266 [warning] [Decorations] CAPPING events from decorations provider vscode.git 286
2023-02-04 12:49:11.324 [warning] [Decorations] CAPPING events from decorations provider vscode.git 286
2023-02-04 12:49:16.355 [warning] [Decorations] CAPPING events from decorations provider vscode.git 286
2023-02-04 12:49:21.387 [warning] [Decorations] CAPPING events from decorations provider vscode.git 286
2023-02-04 12:49:26.419 [warning] [Decorations] CAPPING events from decorations provider vscode.git 286
2023-02-04 12:49:31.451 [warning] [Decorations] CAPPING events from decorations provider vscode.git 286
2023-02-04 12:49:36.487 [warning] [Decorations] CAPPING events from decorations provider vscode.git 286
2023-02-04 12:49:41.541 [warning] [Decorations] CAPPING events from decorations provider vscode.git 286
2023-02-04 12:49:46.576 [warning] [Decorations] CAPPING events from decorations provider vscode.git 286
2023-02-04 12:49:51.626 [warning] [Decorations] CAPPING events from decorations provider vscode.git 286
2023-02-04 12:49:56.670 [warning] [Decorations] CAPPING events from decorations provider vscode.git 286
2023-02-04 12:50:01.721 [warning] [Decorations] CAPPING events from decorations provider vscode.git 286
2023-02-04 12:50:06.752 [warning] [Decorations] CAPPING events from decorations provider vscode.git 286
2023-02-04 12:50:11.783 [warning] [Decorations] CAPPING events from decorations provider vscode.git 286
2023-02-04 12:50:16.814 [warning] [Decorations] CAPPING events from decorations provider vscode.git 286
2023-02-04 12:50:21.844 [warning] [Decorations] CAPPING events from decorations provider vscode.git 286
2023-02-04 12:50:26.874 [warning] [Decorations] CAPPING events from decorations provider vscode.git 286
2023-02-04 12:50:31.911 [warning] [Decorations] CAPPING events from decorations provider vscode.git 286
2023-02-04 12:50:36.944 [warning] [Decorations] CAPPING events from decorations provider vscode.git 286
2023-02-04 12:50:41.986 [warning] [Decorations] CAPPING events from decorations provider vscode.git 286
2023-02-04 12:50:47.017 [warning] [Decorations] CAPPING events from decorations provider vscode.git 286
2023-02-04 12:50:52.056 [warning] [Decorations] CAPPING events from decorations provider vscode.git 286
2023-02-04 12:50:57.090 [warning] [Decorations] CAPPING events from decorations provider vscode.git 286
2023-02-04 12:51:02.133 [warning] [Decorations] CAPPING events from decorations provider vscode.git 286
2023-02-04 12:51:07.166 [warning] [Decorations] CAPPING events from decorations provider vscode.git 286
2023-02-04 12:51:12.195 [warning] [Decorations] CAPPING events from decorations provider vscode.git 286
2023-02-04 12:51:17.225 [warning] [Decorations] CAPPING events from decorations provider vscode.git 286
2023-02-04 12:51:22.257 [warning] [Decorations] CAPPING events from decorations provider vscode.git 286
2023-02-04 12:51:27.286 [warning] [Decorations] CAPPING events from decorations provider vscode.git 286
2023-02-04 12:51:32.323 [warning] [Decorations] CAPPING events from decorations provider vscode.git 286
2023-02-04 12:51:37.356 [warning] [Decorations] CAPPING events from decorations provider vscode.git 286
2023-02-04 12:51:42.390 [warning] [Decorations] CAPPING events from decorations provider vscode.git 286
2023-02-04 12:51:47.418 [warning] [Decorations] CAPPING events from decorations provider vscode.git 286
2023-02-04 12:51:52.448 [warning] [Decorations] CAPPING events from decorations provider vscode.git 286
2023-02-04 12:51:57.488 [warning] [Decorations] CAPPING events from decorations provider vscode.git 286
2023-02-04 12:52:02.516 [warning] [Decorations] CAPPING events from decorations provider vscode.git 286
2023-02-04 12:52:07.562 [warning] [Decorations] CAPPING events from decorations provider vscode.git 286
2023-02-04 12:52:12.593 [warning] [Decorations] CAPPING events from decorations provider vscode.git 286
2023-02-04 12:52:17.621 [warning] [Decorations] CAPPING events from decorations provider vscode.git 286
2023-02-04 12:52:22.657 [warning] [Decorations] CAPPING events from decorations provider vscode.git 286
2023-02-04 12:52:27.687 [warning] [Decorations] CAPPING events from decorations provider vscode.git 286
2023-02-04 12:52:32.731 [warning] [Decorations] CAPPING events from decorations provider vscode.git 286
2023-02-04 12:52:37.760 [warning] [Decorations] CAPPING events from decorations provider vscode.git 286
2023-02-04 12:52:42.804 [warning] [Decorations] CAPPING events from decorations provider vscode.git 286
2023-02-04 12:52:47.832 [warning] [Decorations] CAPPING events from decorations provider vscode.git 286
2023-02-04 12:52:52.862 [warning] [Decorations] CAPPING events from decorations provider vscode.git 286
2023-02-04 12:52:57.905 [warning] [Decorations] CAPPING events from decorations provider vscode.git 286
2023-02-04 12:53:02.936 [warning] [Decorations] CAPPING events from decorations provider vscode.git 286
2023-02-04 12:53:07.969 [warning] [Decorations] CAPPING events from decorations provider vscode.git 286
2023-02-04 12:53:13.007 [warning] [Decorations] CAPPING events from decorations provider vscode.git 286
2023-02-04 12:53:18.041 [warning] [Decorations] CAPPING events from decorations provider vscode.git 286
2023-02-04 12:53:23.080 [warning] [Decorations] CAPPING events from decorations provider vscode.git 286
2023-02-04 12:53:28.111 [warning] [Decorations] CAPPING events from decorations provider vscode.git 286
2023-02-04 12:53:33.145 [warning] [Decorations] CAPPING events from decorations provider vscode.git 286
2023-02-04 12:53:38.182 [warning] [Decorations] CAPPING events from decorations provider vscode.git 286
2023-02-04 12:53:43.214 [warning] [Decorations] CAPPING events from decorations provider vscode.git 286
2023-02-04 12:53:48.246 [warning] [Decorations] CAPPING events from decorations provider vscode.git 286
2023-02-04 12:53:53.277 [warning] [Decorations] CAPPING events from decorations provider vscode.git 286
2023-02-04 12:53:58.317 [warning] [Decorations] CAPPING events from decorations provider vscode.git 286
2023-02-04 12:54:03.348 [warning] [Decorations] CAPPING events from decorations provider vscode.git 286
2023-02-04 12:54:08.397 [warning] [Decorations] CAPPING events from decorations provider vscode.git 286
2023-02-04 12:54:13.428 [warning] [Decorations] CAPPING events from decorations provider vscode.git 286
2023-02-04 12:54:18.462 [warning] [Decorations] CAPPING events from decorations provider vscode.git 286
2023-02-04 12:54:23.492 [warning] [Decorations] CAPPING events from decorations provider vscode.git 286
2023-02-04 12:54:28.534 [warning] [Decorations] CAPPING events from decorations provider vscode.git 286
2023-02-04 12:54:33.566 [warning] [Decorations] CAPPING events from decorations provider vscode.git 286
2023-02-04 12:54:38.597 [warning] [Decorations] CAPPING events from decorations provider vscode.git 286
2023-02-04 12:54:43.629 [warning] [Decorations] CAPPING events from decorations provider vscode.git 286
2023-02-04 12:54:48.660 [warning] [Decorations] CAPPING events from decorations provider vscode.git 286
2023-02-04 12:54:53.700 [warning] [Decorations] CAPPING events from decorations provider vscode.git 286
2023-02-04 12:54:58.745 [warning] [Decorations] CAPPING events from decorations provider vscode.git 286
2023-02-04 12:55:03.775 [warning] [Decorations] CAPPING events from decorations provider vscode.git 286
2023-02-04 12:55:08.805 [warning] [Decorations] CAPPING events from decorations provider vscode.git 286
2023-02-04 12:55:13.839 [warning] [Decorations] CAPPING events from decorations provider vscode.git 286
2023-02-04 12:55:18.893 [warning] [Decorations] CAPPING events from decorations provider vscode.git 286
2023-02-04 12:55:23.932 [warning] [Decorations] CAPPING events from decorations provider vscode.git 286
2023-02-04 12:55:28.964 [warning] [Decorations] CAPPING events from decorations provider vscode.git 286
2023-02-04 12:55:33.994 [warning] [Decorations] CAPPING events from decorations provider vscode.git 286
2023-02-04 12:55:39.035 [warning] [Decorations] CAPPING events from decorations provider vscode.git 286
2023-02-04 12:55:44.065 [warning] [Decorations] CAPPING events from decorations provider vscode.git 286
2023-02-04 12:55:49.094 [warning] [Decorations] CAPPING events from decorations provider vscode.git 286
2023-02-04 12:55:54.128 [warning] [Decorations] CAPPING events from decorations provider vscode.git 286
2023-02-04 12:55:59.158 [warning] [Decorations] CAPPING events from decorations provider vscode.git 286
2023-02-04 12:56:04.189 [warning] [Decorations] CAPPING events from decorations provider vscode.git 286
2023-02-04 12:56:09.229 [warning] [Decorations] CAPPING events from decorations provider vscode.git 286
2023-02-04 12:56:14.262 [warning] [Decorations] CAPPING events from decorations provider vscode.git 286
2023-02-04 12:56:19.290 [warning] [Decorations] CAPPING events from decorations provider vscode.git 286
2023-02-04 12:56:24.325 [warning] [Decorations] CAPPING events from decorations provider vscode.git 286
2023-02-04 12:56:29.355 [warning] [Decorations] CAPPING events from decorations provider vscode.git 286
2023-02-04 12:56:34.385 [warning] [Decorations] CAPPING events from decorations provider vscode.git 286
2023-02-04 12:56:39.472 [warning] [Decorations] CAPPING events from decorations provider vscode.git 286
2023-02-04 12:56:44.503 [warning] [Decorations] CAPPING events from decorations provider vscode.git 286
2023-02-04 12:56:49.532 [warning] [Decorations] CAPPING events from decorations provider vscode.git 286
2023-02-04 12:56:54.564 [warning] [Decorations] CAPPING events from decorations provider vscode.git 286
2023-02-04 12:56:59.594 [warning] [Decorations] CAPPING events from decorations provider vscode.git 286
2023-02-04 12:57:04.624 [warning] [Decorations] CAPPING events from decorations provider vscode.git 286
2023-02-04 12:57:09.657 [warning] [Decorations] CAPPING events from decorations provider vscode.git 286
2023-02-04 12:57:14.687 [warning] [Decorations] CAPPING events from decorations provider vscode.git 286
2023-02-04 12:57:19.718 [warning] [Decorations] CAPPING events from decorations provider vscode.git 286
2023-02-04 12:57:24.756 [warning] [Decorations] CAPPING events from decorations provider vscode.git 286
2023-02-04 12:57:29.784 [warning] [Decorations] CAPPING events from decorations provider vscode.git 286
2023-02-04 12:57:34.820 [warning] [Decorations] CAPPING events from decorations provider vscode.git 286
2023-02-04 12:57:39.855 [warning] [Decorations] CAPPING events from decorations provider vscode.git 286
2023-02-04 12:57:44.886 [warning] [Decorations] CAPPING events from decorations provider vscode.git 286
2023-02-04 12:57:49.916 [warning] [Decorations] CAPPING events from decorations provider vscode.git 286
2023-02-04 12:57:54.946 [warning] [Decorations] CAPPING events from decorations provider vscode.git 286
2023-02-04 12:57:59.977 [warning] [Decorations] CAPPING events from decorations provider vscode.git 286
2023-02-04 12:58:05.008 [warning] [Decorations] CAPPING events from decorations provider vscode.git 286
2023-02-04 12:58:10.057 [warning] [Decorations] CAPPING events from decorations provider vscode.git 286
2023-02-04 12:58:15.092 [warning] [Decorations] CAPPING events from decorations provider vscode.git 286
2023-02-04 12:58:20.121 [warning] [Decorations] CAPPING events from decorations provider vscode.git 286
2023-02-04 12:58:25.156 [warning] [Decorations] CAPPING events from decorations provider vscode.git 286
2023-02-04 12:58:30.188 [warning] [Decorations] CAPPING events from decorations provider vscode.git 286
2023-02-04 12:58:35.221 [warning] [Decorations] CAPPING events from decorations provider vscode.git 286
2023-02-04 12:58:40.255 [warning] [Decorations] CAPPING events from decorations provider vscode.git 286
2023-02-04 12:58:45.285 [warning] [Decorations] CAPPING events from decorations provider vscode.git 286
2023-02-04 12:58:50.320 [warning] [Decorations] CAPPING events from decorations provider vscode.git 286
2023-02-04 12:58:55.350 [warning] [Decorations] CAPPING events from decorations provider vscode.git 286
2023-02-04 12:59:00.385 [warning] [Decorations] CAPPING events from decorations provider vscode.git 286
2023-02-04 12:59:05.419 [warning] [Decorations] CAPPING events from decorations provider vscode.git 286
2023-02-04 12:59:10.452 [warning] [Decorations] CAPPING events from decorations provider vscode.git 286
2023-02-04 12:59:15.492 [warning] [Decorations] CAPPING events from decorations provider vscode.git 286
2023-02-04 12:59:20.567 [warning] [Decorations] CAPPING events from decorations provider vscode.git 286
2023-02-04 12:59:25.598 [warning] [Decorations] CAPPING events from decorations provider vscode.git 286
2023-02-04 12:59:30.652 [warning] [Decorations] CAPPING events from decorations provider vscode.git 286
2023-02-04 12:59:35.690 [warning] [Decorations] CAPPING events from decorations provider vscode.git 286
2023-02-04 12:59:40.722 [warning] [Decorations] CAPPING events from decorations provider vscode.git 286
2023-02-04 12:59:45.756 [warning] [Decorations] CAPPING events from decorations provider vscode.git 286
2023-02-04 12:59:50.785 [warning] [Decorations] CAPPING events from decorations provider vscode.git 286
2023-02-04 12:59:55.828 [warning] [Decorations] CAPPING events from decorations provider vscode.git 286
2023-02-04 13:00:00.860 [warning] [Decorations] CAPPING events from decorations provider vscode.git 286
2023-02-04 13:00:05.890 [warning] [Decorations] CAPPING events from decorations provider vscode.git 286
2023-02-04 13:00:10.923 [warning] [Decorations] CAPPING events from decorations provider vscode.git 286
2023-02-04 13:00:15.952 [warning] [Decorations] CAPPING events from decorations provider vscode.git 286
2023-02-04 13:00:20.983 [warning] [Decorations] CAPPING events from decorations provider vscode.git 286
2023-02-04 13:00:26.015 [warning] [Decorations] CAPPING events from decorations provider vscode.git 286
2023-02-04 13:00:31.048 [warning] [Decorations] CAPPING events from decorations provider vscode.git 286
2023-02-04 13:00:36.095 [warning] [Decorations] CAPPING events from decorations provider vscode.git 286
2023-02-04 13:00:41.135 [warning] [Decorations] CAPPING events from decorations provider vscode.git 286
2023-02-04 13:00:46.169 [warning] [Decorations] CAPPING events from decorations provider vscode.git 286
2023-02-04 13:00:51.200 [warning] [Decorations] CAPPING events from decorations provider vscode.git 286
2023-02-04 13:00:56.260 [warning] [Decorations] CAPPING events from decorations provider vscode.git 286
2023-02-04 13:01:01.290 [warning] [Decorations] CAPPING events from decorations provider vscode.git 286
2023-02-04 13:01:06.321 [warning] [Decorations] CAPPING events from decorations provider vscode.git 286
2023-02-04 13:01:11.351 [warning] [Decorations] CAPPING events from decorations provider vscode.git 286
2023-02-04 13:01:16.381 [warning] [Decorations] CAPPING events from decorations provider vscode.git 286
2023-02-04 13:01:21.411 [warning] [Decorations] CAPPING events from decorations provider vscode.git 286
2023-02-04 13:01:26.440 [warning] [Decorations] CAPPING events from decorations provider vscode.git 286
2023-02-04 13:01:31.469 [warning] [Decorations] CAPPING events from decorations provider vscode.git 286
2023-02-04 13:01:36.499 [warning] [Decorations] CAPPING events from decorations provider vscode.git 286
2023-02-04 13:01:41.528 [warning] [Decorations] CAPPING events from decorations provider vscode.git 286
2023-02-04 13:01:46.560 [warning] [Decorations] CAPPING events from decorations provider vscode.git 286
2023-02-04 13:01:51.591 [warning] [Decorations] CAPPING events from decorations provider vscode.git 286
2023-02-04 13:01:56.649 [warning] [Decorations] CAPPING events from decorations provider vscode.git 286
2023-02-04 13:02:01.695 [warning] [Decorations] CAPPING events from decorations provider vscode.git 286
2023-02-04 13:02:06.747 [warning] [Decorations] CAPPING events from decorations provider vscode.git 286
2023-02-04 13:02:11.777 [warning] [Decorations] CAPPING events from decorations provider vscode.git 286
2023-02-04 13:02:16.814 [warning] [Decorations] CAPPING events from decorations provider vscode.git 286
2023-02-04 13:02:21.847 [warning] [Decorations] CAPPING events from decorations provider vscode.git 286
2023-02-04 13:02:26.908 [warning] [Decorations] CAPPING events from decorations provider vscode.git 286
2023-02-04 13:02:31.940 [warning] [Decorations] CAPPING events from decorations provider vscode.git 286
2023-02-04 13:02:36.972 [warning] [Decorations] CAPPING events from decorations provider vscode.git 286
2023-02-04 13:02:42.431 [warning] [Decorations] CAPPING events from decorations provider vscode.git 286
2023-02-04 13:02:47.461 [warning] [Decorations] CAPPING events from decorations provider vscode.git 286
2023-02-04 13:02:52.492 [warning] [Decorations] CAPPING events from decorations provider vscode.git 286
2023-02-04 13:02:57.524 [warning] [Decorations] CAPPING events from decorations provider vscode.git 286
2023-02-04 13:03:02.556 [warning] [Decorations] CAPPING events from decorations provider vscode.git 286
2023-02-04 13:03:07.584 [warning] [Decorations] CAPPING events from decorations provider vscode.git 286
2023-02-04 13:03:12.631 [warning] [Decorations] CAPPING events from decorations provider vscode.git 286
2023-02-04 13:03:17.660 [warning] [Decorations] CAPPING events from decorations provider vscode.git 286
2023-02-04 13:03:22.688 [warning] [Decorations] CAPPING events from decorations provider vscode.git 286
2023-02-04 13:03:27.724 [warning] [Decorations] CAPPING events from decorations provider vscode.git 286
2023-02-04 13:03:32.759 [warning] [Decorations] CAPPING events from decorations provider vscode.git 286
2023-02-04 13:03:37.790 [warning] [Decorations] CAPPING events from decorations provider vscode.git 286
2023-02-04 13:03:42.819 [warning] [Decorations] CAPPING events from decorations provider vscode.git 286
2023-02-04 13:03:47.849 [warning] [Decorations] CAPPING events from decorations provider vscode.git 286
2023-02-04 13:03:52.878 [warning] [Decorations] CAPPING events from decorations provider vscode.git 286
2023-02-04 13:03:57.945 [warning] [Decorations] CAPPING events from decorations provider vscode.git 286
2023-02-04 13:04:02.990 [warning] [Decorations] CAPPING events from decorations provider vscode.git 286
2023-02-04 13:04:08.043 [warning] [Decorations] CAPPING events from decorations provider vscode.git 286
2023-02-04 13:04:13.076 [warning] [Decorations] CAPPING events from decorations provider vscode.git 286
2023-02-04 13:04:18.114 [warning] [Decorations] CAPPING events from decorations provider vscode.git 286
2023-02-04 13:04:23.144 [warning] [Decorations] CAPPING events from decorations provider vscode.git 286
2023-02-04 13:04:28.172 [warning] [Decorations] CAPPING events from decorations provider vscode.git 286
2023-02-04 13:04:33.202 [warning] [Decorations] CAPPING events from decorations provider vscode.git 286
2023-02-04 13:04:38.244 [warning] [Decorations] CAPPING events from decorations provider vscode.git 286
2023-02-04 13:04:43.275 [warning] [Decorations] CAPPING events from decorations provider vscode.git 286
2023-02-04 13:04:48.305 [warning] [Decorations] CAPPING events from decorations provider vscode.git 286
2023-02-04 13:04:53.362 [warning] [Decorations] CAPPING events from decorations provider vscode.git 286
2023-02-04 13:04:58.393 [warning] [Decorations] CAPPING events from decorations provider vscode.git 286
2023-02-04 13:05:03.425 [warning] [Decorations] CAPPING events from decorations provider vscode.git 286
2023-02-04 13:05:08.486 [warning] [Decorations] CAPPING events from decorations provider vscode.git 286
2023-02-04 13:05:13.517 [warning] [Decorations] CAPPING events from decorations provider vscode.git 286
2023-02-04 13:05:18.549 [warning] [Decorations] CAPPING events from decorations provider vscode.git 286
2023-02-04 13:05:23.579 [warning] [Decorations] CAPPING events from decorations provider vscode.git 286
2023-02-04 13:05:28.620 [warning] [Decorations] CAPPING events from decorations provider vscode.git 286
2023-02-04 13:05:33.665 [warning] [Decorations] CAPPING events from decorations provider vscode.git 286
2023-02-04 13:05:38.702 [warning] [Decorations] CAPPING events from decorations provider vscode.git 286
2023-02-04 13:05:43.742 [warning] [Decorations] CAPPING events from decorations provider vscode.git 286
2023-02-04 13:05:48.776 [warning] [Decorations] CAPPING events from decorations provider vscode.git 286
2023-02-04 13:05:53.804 [warning] [Decorations] CAPPING events from decorations provider vscode.git 286
2023-02-04 13:05:58.834 [warning] [Decorations] CAPPING events from decorations provider vscode.git 286
2023-02-04 13:06:03.873 [warning] [Decorations] CAPPING events from decorations provider vscode.git 286
2023-02-04 13:06:08.905 [warning] [Decorations] CAPPING events from decorations provider vscode.git 286
2023-02-04 13:06:13.942 [warning] [Decorations] CAPPING events from decorations provider vscode.git 286
2023-02-04 13:06:18.975 [warning] [Decorations] CAPPING events from decorations provider vscode.git 286
2023-02-04 13:06:24.009 [warning] [Decorations] CAPPING events from decorations provider vscode.git 286
2023-02-04 13:06:29.042 [warning] [Decorations] CAPPING events from decorations provider vscode.git 286
2023-02-04 13:06:34.071 [warning] [Decorations] CAPPING events from decorations provider vscode.git 286
2023-02-04 13:06:39.103 [warning] [Decorations] CAPPING events from decorations provider vscode.git 286
2023-02-04 13:06:44.135 [warning] [Decorations] CAPPING events from decorations provider vscode.git 286
2023-02-04 13:06:49.186 [warning] [Decorations] CAPPING events from decorations provider vscode.git 286
2023-02-04 13:06:54.260 [warning] [Decorations] CAPPING events from decorations provider vscode.git 286
2023-02-04 13:06:59.303 [warning] [Decorations] CAPPING events from decorations provider vscode.git 286
2023-02-04 13:07:04.335 [warning] [Decorations] CAPPING events from decorations provider vscode.git 286
2023-02-04 13:07:09.370 [warning] [Decorations] CAPPING events from decorations provider vscode.git 286
2023-02-04 13:07:14.411 [warning] [Decorations] CAPPING events from decorations provider vscode.git 286
2023-02-04 13:07:19.448 [warning] [Decorations] CAPPING events from decorations provider vscode.git 286
2023-02-04 13:07:24.488 [warning] [Decorations] CAPPING events from decorations provider vscode.git 286
2023-02-04 13:07:29.526 [warning] [Decorations] CAPPING events from decorations provider vscode.git 286
2023-02-04 13:07:34.577 [warning] [Decorations] CAPPING events from decorations provider vscode.git 286
2023-02-04 13:07:39.608 [warning] [Decorations] CAPPING events from decorations provider vscode.git 286
2023-02-04 13:07:44.670 [warning] [Decorations] CAPPING events from decorations provider vscode.git 286
2023-02-04 13:07:49.704 [warning] [Decorations] CAPPING events from decorations provider vscode.git 286
2023-02-04 13:07:54.756 [warning] [Decorations] CAPPING events from decorations provider vscode.git 286
2023-02-04 13:07:59.783 [warning] [Decorations] CAPPING events from decorations provider vscode.git 286
2023-02-04 13:08:04.831 [warning] [Decorations] CAPPING events from decorations provider vscode.git 286
2023-02-04 13:08:09.879 [warning] [Decorations] CAPPING events from decorations provider vscode.git 286
2023-02-04 13:08:14.935 [warning] [Decorations] CAPPING events from decorations provider vscode.git 286
2023-02-04 13:08:19.986 [warning] [Decorations] CAPPING events from decorations provider vscode.git 286
2023-02-04 13:08:25.037 [warning] [Decorations] CAPPING events from decorations provider vscode.git 286
2023-02-04 13:08:30.080 [warning] [Decorations] CAPPING events from decorations provider vscode.git 286
2023-02-04 13:08:35.116 [warning] [Decorations] CAPPING events from decorations provider vscode.git 286
2023-02-04 13:08:40.146 [warning] [Decorations] CAPPING events from decorations provider vscode.git 286
2023-02-04 13:08:45.176 [warning] [Decorations] CAPPING events from decorations provider vscode.git 286
2023-02-04 13:08:50.207 [warning] [Decorations] CAPPING events from decorations provider vscode.git 286
2023-02-04 13:08:55.254 [warning] [Decorations] CAPPING events from decorations provider vscode.git 286
2023-02-04 13:09:00.287 [warning] [Decorations] CAPPING events from decorations provider vscode.git 286
2023-02-04 13:09:05.319 [warning] [Decorations] CAPPING events from decorations provider vscode.git 286
2023-02-04 13:09:10.349 [warning] [Decorations] CAPPING events from decorations provider vscode.git 286
2023-02-04 13:09:15.424 [warning] [Decorations] CAPPING events from decorations provider vscode.git 286
2023-02-04 13:09:20.454 [warning] [Decorations] CAPPING events from decorations provider vscode.git 286
2023-02-04 13:09:25.485 [warning] [Decorations] CAPPING events from decorations provider vscode.git 286
2023-02-04 13:09:30.519 [warning] [Decorations] CAPPING events from decorations provider vscode.git 286
2023-02-04 13:09:35.551 [warning] [Decorations] CAPPING events from decorations provider vscode.git 286
2023-02-04 13:09:40.619 [warning] [Decorations] CAPPING events from decorations provider vscode.git 286
2023-02-04 13:09:45.649 [warning] [Decorations] CAPPING events from decorations provider vscode.git 286
2023-02-04 13:09:50.679 [warning] [Decorations] CAPPING events from decorations provider vscode.git 286
2023-02-04 13:09:55.709 [warning] [Decorations] CAPPING events from decorations provider vscode.git 286
2023-02-04 13:10:00.763 [warning] [Decorations] CAPPING events from decorations provider vscode.git 286
2023-02-04 13:10:05.795 [warning] [Decorations] CAPPING events from decorations provider vscode.git 286
2023-02-04 13:10:10.829 [warning] [Decorations] CAPPING events from decorations provider vscode.git 286
2023-02-04 13:10:15.867 [warning] [Decorations] CAPPING events from decorations provider vscode.git 286
2023-02-04 13:10:20.901 [warning] [Decorations] CAPPING events from decorations provider vscode.git 286
2023-02-04 13:10:25.933 [warning] [Decorations] CAPPING events from decorations provider vscode.git 286
2023-02-04 13:10:30.967 [warning] [Decorations] CAPPING events from decorations provider vscode.git 286
2023-02-04 13:10:35.998 [warning] [Decorations] CAPPING events from decorations provider vscode.git 286
2023-02-04 13:10:41.030 [warning] [Decorations] CAPPING events from decorations provider vscode.git 286
2023-02-04 13:10:46.122 [warning] [Decorations] CAPPING events from decorations provider vscode.git 286
2023-02-04 13:10:51.168 [warning] [Decorations] CAPPING events from decorations provider vscode.git 286
2023-02-04 13:10:56.200 [warning] [Decorations] CAPPING events from decorations provider vscode.git 286
2023-02-04 13:11:01.235 [warning] [Decorations] CAPPING events from decorations provider vscode.git 286
2023-02-04 13:11:06.267 [warning] [Decorations] CAPPING events from decorations provider vscode.git 286
2023-02-04 13:11:11.304 [warning] [Decorations] CAPPING events from decorations provider vscode.git 286
2023-02-04 13:11:16.333 [warning] [Decorations] CAPPING events from decorations provider vscode.git 286
2023-02-04 13:11:21.363 [warning] [Decorations] CAPPING events from decorations provider vscode.git 286
2023-02-04 13:11:26.402 [warning] [Decorations] CAPPING events from decorations provider vscode.git 286
2023-02-04 13:11:31.436 [warning] [Decorations] CAPPING events from decorations provider vscode.git 286
2023-02-04 13:11:36.465 [warning] [Decorations] CAPPING events from decorations provider vscode.git 286
2023-02-04 13:11:41.500 [warning] [Decorations] CAPPING events from decorations provider vscode.git 286
2023-02-04 13:11:46.530 [warning] [Decorations] CAPPING events from decorations provider vscode.git 286
2023-02-04 13:11:51.559 [warning] [Decorations] CAPPING events from decorations provider vscode.git 286
2023-02-04 13:11:56.589 [warning] [Decorations] CAPPING events from decorations provider vscode.git 286
2023-02-04 13:12:01.617 [warning] [Decorations] CAPPING events from decorations provider vscode.git 286
2023-02-04 13:12:06.647 [warning] [Decorations] CAPPING events from decorations provider vscode.git 286
2023-02-04 13:12:11.678 [warning] [Decorations] CAPPING events from decorations provider vscode.git 286
2023-02-04 13:12:16.709 [warning] [Decorations] CAPPING events from decorations provider vscode.git 286
2023-02-04 13:12:21.738 [warning] [Decorations] CAPPING events from decorations provider vscode.git 286
2023-02-04 13:12:26.769 [warning] [Decorations] CAPPING events from decorations provider vscode.git 286
2023-02-04 13:12:31.797 [warning] [Decorations] CAPPING events from decorations provider vscode.git 286
2023-02-04 13:12:36.829 [warning] [Decorations] CAPPING events from decorations provider vscode.git 286
2023-02-04 13:12:41.857 [warning] [Decorations] CAPPING events from decorations provider vscode.git 286
2023-02-04 13:12:46.896 [warning] [Decorations] CAPPING events from decorations provider vscode.git 286
2023-02-04 13:12:51.940 [warning] [Decorations] CAPPING events from decorations provider vscode.git 286
2023-02-04 13:12:56.978 [warning] [Decorations] CAPPING events from decorations provider vscode.git 286
2023-02-04 13:13:02.011 [warning] [Decorations] CAPPING events from decorations provider vscode.git 286
2023-02-04 13:13:07.073 [warning] [Decorations] CAPPING events from decorations provider vscode.git 286
2023-02-04 13:13:12.099 [warning] [Decorations] CAPPING events from decorations provider vscode.git 286
2023-02-04 13:13:17.138 [warning] [Decorations] CAPPING events from decorations provider vscode.git 286
2023-02-04 13:13:22.168 [warning] [Decorations] CAPPING events from decorations provider vscode.git 286
2023-02-04 13:13:27.200 [warning] [Decorations] CAPPING events from decorations provider vscode.git 286
2023-02-04 13:13:32.247 [warning] [Decorations] CAPPING events from decorations provider vscode.git 286
2023-02-04 13:13:37.277 [warning] [Decorations] CAPPING events from decorations provider vscode.git 286
2023-02-04 13:13:42.318 [warning] [Decorations] CAPPING events from decorations provider vscode.git 286
2023-02-04 13:13:47.376 [warning] [Decorations] CAPPING events from decorations provider vscode.git 286
2023-02-04 13:13:52.417 [warning] [Decorations] CAPPING events from decorations provider vscode.git 286
2023-02-04 13:13:57.516 [warning] [Decorations] CAPPING events from decorations provider vscode.git 286
2023-02-04 13:14:02.548 [warning] [Decorations] CAPPING events from decorations provider vscode.git 286
2023-02-04 13:14:07.586 [warning] [Decorations] CAPPING events from decorations provider vscode.git 286
2023-02-04 13:14:12.617 [warning] [Decorations] CAPPING events from decorations provider vscode.git 286
2023-02-04 13:14:17.648 [warning] [Decorations] CAPPING events from decorations provider vscode.git 286
2023-02-04 13:14:22.680 [warning] [Decorations] CAPPING events from decorations provider vscode.git 286
2023-02-04 13:14:27.711 [warning] [Decorations] CAPPING events from decorations provider vscode.git 286
2023-02-04 13:14:32.744 [warning] [Decorations] CAPPING events from decorations provider vscode.git 286
2023-02-04 13:14:37.780 [warning] [Decorations] CAPPING events from decorations provider vscode.git 286
2023-02-04 13:14:42.814 [warning] [Decorations] CAPPING events from decorations provider vscode.git 286
2023-02-04 13:14:47.844 [warning] [Decorations] CAPPING events from decorations provider vscode.git 286
2023-02-04 13:14:52.875 [warning] [Decorations] CAPPING events from decorations provider vscode.git 286
2023-02-04 13:14:57.908 [warning] [Decorations] CAPPING events from decorations provider vscode.git 286
2023-02-04 13:15:02.940 [warning] [Decorations] CAPPING events from decorations provider vscode.git 286
2023-02-04 13:15:07.971 [warning] [Decorations] CAPPING events from decorations provider vscode.git 286
2023-02-04 13:15:13.013 [warning] [Decorations] CAPPING events from decorations provider vscode.git 286
2023-02-04 13:15:18.045 [warning] [Decorations] CAPPING events from decorations provider vscode.git 286
2023-02-04 13:15:23.076 [warning] [Decorations] CAPPING events from decorations provider vscode.git 286
2023-02-04 13:15:28.108 [warning] [Decorations] CAPPING events from decorations provider vscode.git 286
2023-02-04 13:15:33.141 [warning] [Decorations] CAPPING events from decorations provider vscode.git 286
2023-02-04 13:15:38.176 [warning] [Decorations] CAPPING events from decorations provider vscode.git 286
2023-02-04 13:15:43.209 [warning] [Decorations] CAPPING events from decorations provider vscode.git 286
2023-02-04 13:15:48.244 [warning] [Decorations] CAPPING events from decorations provider vscode.git 286
2023-02-04 13:15:53.275 [warning] [Decorations] CAPPING events from decorations provider vscode.git 286
2023-02-04 13:15:58.326 [warning] [Decorations] CAPPING events from decorations provider vscode.git 286
2023-02-04 13:16:03.412 [warning] [Decorations] CAPPING events from decorations provider vscode.git 286
2023-02-04 13:16:08.450 [warning] [Decorations] CAPPING events from decorations provider vscode.git 286
2023-02-04 13:16:13.500 [warning] [Decorations] CAPPING events from decorations provider vscode.git 286
2023-02-04 13:16:18.533 [warning] [Decorations] CAPPING events from decorations provider vscode.git 286
2023-02-04 13:16:23.589 [warning] [Decorations] CAPPING events from decorations provider vscode.git 286
2023-02-04 13:16:28.619 [warning] [Decorations] CAPPING events from decorations provider vscode.git 286
2023-02-04 13:16:33.665 [warning] [Decorations] CAPPING events from decorations provider vscode.git 286
2023-02-04 13:16:38.705 [warning] [Decorations] CAPPING events from decorations provider vscode.git 286
2023-02-04 13:16:43.743 [warning] [Decorations] CAPPING events from decorations provider vscode.git 286
2023-02-04 13:16:48.775 [warning] [Decorations] CAPPING events from decorations provider vscode.git 286
2023-02-04 13:16:53.809 [warning] [Decorations] CAPPING events from decorations provider vscode.git 286
2023-02-04 13:16:58.845 [warning] [Decorations] CAPPING events from decorations provider vscode.git 286
2023-02-04 13:17:03.876 [warning] [Decorations] CAPPING events from decorations provider vscode.git 286
2023-02-04 13:17:08.911 [warning] [Decorations] CAPPING events from decorations provider vscode.git 286
2023-02-04 13:17:13.979 [warning] [Decorations] CAPPING events from decorations provider vscode.git 286
2023-02-04 13:17:19.015 [warning] [Decorations] CAPPING events from decorations provider vscode.git 286
2023-02-04 13:17:24.049 [warning] [Decorations] CAPPING events from decorations provider vscode.git 286
2023-02-04 13:17:29.081 [warning] [Decorations] CAPPING events from decorations provider vscode.git 286
2023-02-04 13:17:34.126 [warning] [Decorations] CAPPING events from decorations provider vscode.git 286
2023-02-04 13:17:39.160 [warning] [Decorations] CAPPING events from decorations provider vscode.git 286
2023-02-04 13:17:44.192 [warning] [Decorations] CAPPING events from decorations provider vscode.git 286
2023-02-04 13:17:49.244 [warning] [Decorations] CAPPING events from decorations provider vscode.git 286
2023-02-04 13:17:54.275 [warning] [Decorations] CAPPING events from decorations provider vscode.git 286
2023-02-04 13:17:59.310 [warning] [Decorations] CAPPING events from decorations provider vscode.git 286
2023-02-04 13:18:04.341 [warning] [Decorations] CAPPING events from decorations provider vscode.git 286
2023-02-04 13:18:09.372 [warning] [Decorations] CAPPING events from decorations provider vscode.git 286
2023-02-04 13:18:14.403 [warning] [Decorations] CAPPING events from decorations provider vscode.git 286
2023-02-04 13:18:19.440 [warning] [Decorations] CAPPING events from decorations provider vscode.git 286
2023-02-04 13:18:24.474 [warning] [Decorations] CAPPING events from decorations provider vscode.git 286
2023-02-04 13:18:29.536 [warning] [Decorations] CAPPING events from decorations provider vscode.git 286
2023-02-04 13:18:34.567 [warning] [Decorations] CAPPING events from decorations provider vscode.git 286
2023-02-04 13:18:39.596 [warning] [Decorations] CAPPING events from decorations provider vscode.git 286
2023-02-04 13:18:44.629 [warning] [Decorations] CAPPING events from decorations provider vscode.git 286
2023-02-04 13:18:49.659 [warning] [Decorations] CAPPING events from decorations provider vscode.git 286
2023-02-04 13:18:54.689 [warning] [Decorations] CAPPING events from decorations provider vscode.git 286
2023-02-04 13:18:59.720 [warning] [Decorations] CAPPING events from decorations provider vscode.git 286
2023-02-04 13:19:04.753 [warning] [Decorations] CAPPING events from decorations provider vscode.git 286
2023-02-04 13:19:09.794 [warning] [Decorations] CAPPING events from decorations provider vscode.git 286
2023-02-04 13:19:14.823 [warning] [Decorations] CAPPING events from decorations provider vscode.git 286
2023-02-04 13:19:19.853 [warning] [Decorations] CAPPING events from decorations provider vscode.git 286
2023-02-04 13:19:24.883 [warning] [Decorations] CAPPING events from decorations provider vscode.git 286
2023-02-04 13:19:29.918 [warning] [Decorations] CAPPING events from decorations provider vscode.git 286
2023-02-04 13:19:34.946 [warning] [Decorations] CAPPING events from decorations provider vscode.git 286
2023-02-04 13:19:39.976 [warning] [Decorations] CAPPING events from decorations provider vscode.git 286
2023-02-04 13:19:45.006 [warning] [Decorations] CAPPING events from decorations provider vscode.git 286
2023-02-04 13:19:50.036 [warning] [Decorations] CAPPING events from decorations provider vscode.git 286
2023-02-04 13:19:55.075 [warning] [Decorations] CAPPING events from decorations provider vscode.git 286
2023-02-04 13:20:00.104 [warning] [Decorations] CAPPING events from decorations provider vscode.git 286
2023-02-04 13:20:05.144 [warning] [Decorations] CAPPING events from decorations provider vscode.git 286
2023-02-04 13:20:10.188 [warning] [Decorations] CAPPING events from decorations provider vscode.git 286
2023-02-04 13:20:15.244 [warning] [Decorations] CAPPING events from decorations provider vscode.git 286
2023-02-04 13:20:20.274 [warning] [Decorations] CAPPING events from decorations provider vscode.git 286
2023-02-04 13:20:25.304 [warning] [Decorations] CAPPING events from decorations provider vscode.git 286
2023-02-04 13:20:30.335 [warning] [Decorations] CAPPING events from decorations provider vscode.git 286
2023-02-04 13:20:35.370 [warning] [Decorations] CAPPING events from decorations provider vscode.git 286
2023-02-04 13:20:40.402 [warning] [Decorations] CAPPING events from decorations provider vscode.git 286
2023-02-04 13:20:45.437 [warning] [Decorations] CAPPING events from decorations provider vscode.git 286
2023-02-04 13:20:50.481 [warning] [Decorations] CAPPING events from decorations provider vscode.git 286
2023-02-04 13:20:55.528 [warning] [Decorations] CAPPING events from decorations provider vscode.git 286
2023-02-04 13:21:00.597 [warning] [Decorations] CAPPING events from decorations provider vscode.git 286
2023-02-04 13:21:05.628 [warning] [Decorations] CAPPING events from decorations provider vscode.git 286
2023-02-04 13:21:10.657 [warning] [Decorations] CAPPING events from decorations provider vscode.git 286
2023-02-04 13:21:15.687 [warning] [Decorations] CAPPING events from decorations provider vscode.git 286
2023-02-04 13:21:20.718 [warning] [Decorations] CAPPING events from decorations provider vscode.git 286
2023-02-04 13:21:25.749 [warning] [Decorations] CAPPING events from decorations provider vscode.git 286
2023-02-04 13:21:30.792 [warning] [Decorations] CAPPING events from decorations provider vscode.git 286
2023-02-04 13:21:35.825 [warning] [Decorations] CAPPING events from decorations provider vscode.git 286
2023-02-04 13:21:40.862 [warning] [Decorations] CAPPING events from decorations provider vscode.git 286
2023-02-04 13:21:45.893 [warning] [Decorations] CAPPING events from decorations provider vscode.git 286
2023-02-04 13:21:50.924 [warning] [Decorations] CAPPING events from decorations provider vscode.git 286
2023-02-04 13:21:55.954 [warning] [Decorations] CAPPING events from decorations provider vscode.git 286
2023-02-04 13:22:00.983 [warning] [Decorations] CAPPING events from decorations provider vscode.git 286
2023-02-04 13:22:06.010 [warning] [Decorations] CAPPING events from decorations provider vscode.git 286
2023-02-04 13:22:11.044 [warning] [Decorations] CAPPING events from decorations provider vscode.git 286
2023-02-04 13:22:16.085 [warning] [Decorations] CAPPING events from decorations provider vscode.git 286
2023-02-04 13:22:21.147 [warning] [Decorations] CAPPING events from decorations provider vscode.git 286
2023-02-04 13:22:26.177 [warning] [Decorations] CAPPING events from decorations provider vscode.git 286
2023-02-04 13:22:31.217 [warning] [Decorations] CAPPING events from decorations provider vscode.git 286
2023-02-04 13:22:36.250 [warning] [Decorations] CAPPING events from decorations provider vscode.git 286
2023-02-04 13:22:41.299 [warning] [Decorations] CAPPING events from decorations provider vscode.git 286
2023-02-04 13:22:46.339 [warning] [Decorations] CAPPING events from decorations provider vscode.git 286
2023-02-04 13:22:51.374 [warning] [Decorations] CAPPING events from decorations provider vscode.git 286
2023-02-04 13:22:56.406 [warning] [Decorations] CAPPING events from decorations provider vscode.git 286
2023-02-04 13:23:01.440 [warning] [Decorations] CAPPING events from decorations provider vscode.git 286
2023-02-04 13:23:06.472 [warning] [Decorations] CAPPING events from decorations provider vscode.git 286
2023-02-04 13:23:11.504 [warning] [Decorations] CAPPING events from decorations provider vscode.git 286
2023-02-04 13:23:16.535 [warning] [Decorations] CAPPING events from decorations provider vscode.git 286
2023-02-04 13:23:21.590 [warning] [Decorations] CAPPING events from decorations provider vscode.git 286
2023-02-04 13:23:26.620 [warning] [Decorations] CAPPING events from decorations provider vscode.git 286
2023-02-04 13:23:31.656 [warning] [Decorations] CAPPING events from decorations provider vscode.git 286
2023-02-04 13:23:36.687 [warning] [Decorations] CAPPING events from decorations provider vscode.git 286
2023-02-04 13:23:41.724 [warning] [Decorations] CAPPING events from decorations provider vscode.git 286
2023-02-04 13:23:46.758 [warning] [Decorations] CAPPING events from decorations provider vscode.git 286
2023-02-04 13:23:51.787 [warning] [Decorations] CAPPING events from decorations provider vscode.git 286
2023-02-04 13:23:56.842 [warning] [Decorations] CAPPING events from decorations provider vscode.git 286
2023-02-04 13:24:01.872 [warning] [Decorations] CAPPING events from decorations provider vscode.git 286
2023-02-04 13:24:06.917 [warning] [Decorations] CAPPING events from decorations provider vscode.git 286
2023-02-04 13:24:11.950 [warning] [Decorations] CAPPING events from decorations provider vscode.git 286
2023-02-04 13:24:17.017 [warning] [Decorations] CAPPING events from decorations provider vscode.git 286
2023-02-04 13:24:22.048 [warning] [Decorations] CAPPING events from decorations provider vscode.git 286
2023-02-04 13:24:27.081 [warning] [Decorations] CAPPING events from decorations provider vscode.git 286
2023-02-04 13:24:32.112 [warning] [Decorations] CAPPING events from decorations provider vscode.git 286
2023-02-04 13:24:37.145 [warning] [Decorations] CAPPING events from decorations provider vscode.git 286
2023-02-04 13:24:42.178 [warning] [Decorations] CAPPING events from decorations provider vscode.git 286
2023-02-04 13:24:47.216 [warning] [Decorations] CAPPING events from decorations provider vscode.git 286
2023-02-04 13:24:52.271 [warning] [Decorations] CAPPING events from decorations provider vscode.git 286
2023-02-04 13:24:57.302 [warning] [Decorations] CAPPING events from decorations provider vscode.git 286
2023-02-04 13:25:02.334 [warning] [Decorations] CAPPING events from decorations provider vscode.git 286
2023-02-04 13:25:07.377 [warning] [Decorations] CAPPING events from decorations provider vscode.git 286
2023-02-04 13:25:12.409 [warning] [Decorations] CAPPING events from decorations provider vscode.git 286
2023-02-04 13:25:17.455 [warning] [Decorations] CAPPING events from decorations provider vscode.git 286
2023-02-04 13:25:22.506 [warning] [Decorations] CAPPING events from decorations provider vscode.git 286
2023-02-04 13:25:27.570 [warning] [Decorations] CAPPING events from decorations provider vscode.git 286
2023-02-04 13:25:32.601 [warning] [Decorations] CAPPING events from decorations provider vscode.git 286
2023-02-04 13:25:37.633 [warning] [Decorations] CAPPING events from decorations provider vscode.git 286
2023-02-04 13:25:42.663 [warning] [Decorations] CAPPING events from decorations provider vscode.git 286
2023-02-04 13:25:47.696 [warning] [Decorations] CAPPING events from decorations provider vscode.git 286
2023-02-04 13:25:52.731 [warning] [Decorations] CAPPING events from decorations provider vscode.git 286
2023-02-04 13:25:57.761 [warning] [Decorations] CAPPING events from decorations provider vscode.git 286
2023-02-04 13:26:02.799 [warning] [Decorations] CAPPING events from decorations provider vscode.git 286
2023-02-04 13:26:07.828 [warning] [Decorations] CAPPING events from decorations provider vscode.git 286
2023-02-04 13:26:12.879 [warning] [Decorations] CAPPING events from decorations provider vscode.git 286
2023-02-04 13:26:17.911 [warning] [Decorations] CAPPING events from decorations provider vscode.git 286
2023-02-04 13:26:22.942 [warning] [Decorations] CAPPING events from decorations provider vscode.git 286
2023-02-04 13:26:27.972 [warning] [Decorations] CAPPING events from decorations provider vscode.git 286
2023-02-04 13:26:33.007 [warning] [Decorations] CAPPING events from decorations provider vscode.git 286
2023-02-04 13:26:38.044 [warning] [Decorations] CAPPING events from decorations provider vscode.git 286
2023-02-04 13:26:43.076 [warning] [Decorations] CAPPING events from decorations provider vscode.git 286
2023-02-04 13:26:48.107 [warning] [Decorations] CAPPING events from decorations provider vscode.git 286
2023-02-04 13:26:53.140 [warning] [Decorations] CAPPING events from decorations provider vscode.git 286
2023-02-04 13:26:58.172 [warning] [Decorations] CAPPING events from decorations provider vscode.git 286
2023-02-04 13:27:03.203 [warning] [Decorations] CAPPING events from decorations provider vscode.git 286
2023-02-04 13:27:08.251 [warning] [Decorations] CAPPING events from decorations provider vscode.git 286
2023-02-04 13:27:13.280 [warning] [Decorations] CAPPING events from decorations provider vscode.git 286
2023-02-04 13:27:18.309 [warning] [Decorations] CAPPING events from decorations provider vscode.git 286
2023-02-04 13:27:23.348 [warning] [Decorations] CAPPING events from decorations provider vscode.git 286
2023-02-04 13:27:28.378 [warning] [Decorations] CAPPING events from decorations provider vscode.git 286
2023-02-04 13:27:33.409 [warning] [Decorations] CAPPING events from decorations provider vscode.git 286
2023-02-04 13:27:38.437 [warning] [Decorations] CAPPING events from decorations provider vscode.git 286
2023-02-04 13:27:43.632 [warning] [Decorations] CAPPING events from decorations provider vscode.git 286
2023-02-04 13:27:48.664 [warning] [Decorations] CAPPING events from decorations provider vscode.git 286
2023-02-04 13:27:53.743 [warning] [Decorations] CAPPING events from decorations provider vscode.git 286
2023-02-04 13:27:58.775 [warning] [Decorations] CAPPING events from decorations provider vscode.git 286
2023-02-04 13:28:03.806 [warning] [Decorations] CAPPING events from decorations provider vscode.git 286
2023-02-04 13:28:08.839 [warning] [Decorations] CAPPING events from decorations provider vscode.git 286
2023-02-04 13:28:13.870 [warning] [Decorations] CAPPING events from decorations provider vscode.git 286
2023-02-04 13:28:18.912 [warning] [Decorations] CAPPING events from decorations provider vscode.git 286
2023-02-04 13:28:23.952 [warning] [Decorations] CAPPING events from decorations provider vscode.git 286
2023-02-04 13:28:29.026 [warning] [Decorations] CAPPING events from decorations provider vscode.git 286
2023-02-04 13:28:34.067 [warning] [Decorations] CAPPING events from decorations provider vscode.git 286
2023-02-04 13:28:39.097 [warning] [Decorations] CAPPING events from decorations provider vscode.git 286
2023-02-04 13:28:44.127 [warning] [Decorations] CAPPING events from decorations provider vscode.git 286
2023-02-04 13:28:49.228 [warning] [Decorations] CAPPING events from decorations provider vscode.git 286
2023-02-04 13:28:54.281 [warning] [Decorations] CAPPING events from decorations provider vscode.git 286
2023-02-04 13:28:59.337 [warning] [Decorations] CAPPING events from decorations provider vscode.git 286
2023-02-04 13:29:04.381 [warning] [Decorations] CAPPING events from decorations provider vscode.git 286
2023-02-04 13:29:09.416 [warning] [Decorations] CAPPING events from decorations provider vscode.git 286
2023-02-04 13:29:14.454 [warning] [Decorations] CAPPING events from decorations provider vscode.git 286
2023-02-04 13:29:19.486 [warning] [Decorations] CAPPING events from decorations provider vscode.git 286
2023-02-04 13:29:24.538 [warning] [Decorations] CAPPING events from decorations provider vscode.git 286
2023-02-04 13:29:29.571 [warning] [Decorations] CAPPING events from decorations provider vscode.git 286
2023-02-04 13:29:34.605 [warning] [Decorations] CAPPING events from decorations provider vscode.git 287
2023-02-04 13:29:42.963 [warning] [Decorations] CAPPING events from decorations provider vscode.git 287
2023-02-04 13:29:47.992 [warning] [Decorations] CAPPING events from decorations provider vscode.git 287
2023-02-04 13:29:53.023 [warning] [Decorations] CAPPING events from decorations provider vscode.git 287
2023-02-04 13:29:58.088 [warning] [Decorations] CAPPING events from decorations provider vscode.git 287
2023-02-04 13:30:03.132 [warning] [Decorations] CAPPING events from decorations provider vscode.git 287
2023-02-04 13:30:08.168 [warning] [Decorations] CAPPING events from decorations provider vscode.git 287
2023-02-04 13:30:13.201 [warning] [Decorations] CAPPING events from decorations provider vscode.git 287
2023-02-04 13:30:18.258 [warning] [Decorations] CAPPING events from decorations provider vscode.git 287
2023-02-04 13:30:23.291 [warning] [Decorations] CAPPING events from decorations provider vscode.git 287
2023-02-04 13:30:28.326 [warning] [Decorations] CAPPING events from decorations provider vscode.git 287
2023-02-04 13:31:00.666 [warning] [Decorations] CAPPING events from decorations provider vscode.git 287
2023-02-04 13:31:05.722 [warning] [Decorations] CAPPING events from decorations provider vscode.git 287
2023-02-04 13:31:10.762 [warning] [Decorations] CAPPING events from decorations provider vscode.git 287
2023-02-04 13:31:15.807 [warning] [Decorations] CAPPING events from decorations provider vscode.git 287
2023-02-04 13:31:20.865 [warning] [Decorations] CAPPING events from decorations provider vscode.git 287
2023-02-04 13:31:25.960 [warning] [Decorations] CAPPING events from decorations provider vscode.git 287
2023-02-04 13:31:30.999 [warning] [Decorations] CAPPING events from decorations provider vscode.git 287
2023-02-04 13:31:36.051 [warning] [Decorations] CAPPING events from decorations provider vscode.git 287
2023-02-04 13:32:46.681 [warning] [Decorations] CAPPING events from decorations provider vscode.git 287
2023-02-04 13:32:49.409 [info] Extension host terminating: received terminate message from renderer
2023-02-04 13:32:49.424 [info] Extension host with pid 34963 exiting with code 0
