2023-02-04 12:11:42.742 [info] Log level: Info
2023-02-04 12:11:42.742 [info] Validating found git in: "git"
2023-02-04 12:11:42.742 [info] Using git "2.34.1" from "git"
2023-02-04 12:13:15.107 [info] Log level: Info
2023-02-04 12:13:15.107 [info] Validating found git in: "git"
2023-02-04 12:13:15.107 [info] Using git "2.34.1" from "git"
2023-02-04 12:13:15.107 [info] > git rev-parse --show-toplevel [4ms]
2023-02-04 12:13:15.107 [info] fatal: 不是 git 仓库（或者任何父目录）：.git
2023-02-04 12:13:15.107 [info] > git rev-parse --show-toplevel [3ms]
2023-02-04 12:13:15.107 [info] fatal: 不是 git 仓库（或者任何父目录）：.git
2023-02-04 12:13:15.109 [info] > git rev-parse --show-toplevel [10ms]
2023-02-04 12:13:15.109 [info] fatal: 不是 git 仓库（或者任何父目录）：.git
2023-02-04 12:13:15.117 [info] > git rev-parse --show-toplevel [3ms]
2023-02-04 12:13:15.117 [info] fatal: 不是 git 仓库（或者任何父目录）：.git
2023-02-04 12:13:15.123 [info] > git rev-parse --show-toplevel [1ms]
2023-02-04 12:13:15.123 [info] fatal: 不是 git 仓库（或者任何父目录）：.git
2023-02-04 12:13:15.134 [info] > git rev-parse --show-toplevel [3ms]
2023-02-04 12:13:15.134 [info] fatal: 不是 git 仓库（或者任何父目录）：.git
2023-02-04 12:13:15.150 [info] > git rev-parse --show-toplevel [8ms]
2023-02-04 12:13:15.150 [info] fatal: 不是 git 仓库（或者任何父目录）：.git
